{"numTotalTestSuites":102,"numPassedTestSuites":100,"numFailedTestSuites":2,"numPendingTestSuites":0,"numTotalTests":277,"numPassedTests":272,"numFailedTests":5,"numPendingTests":0,"numTodoTests":0,"snapshot":{"added":0,"failure":false,"filesAdded":0,"filesRemoved":0,"filesRemovedList":[],"filesUnmatched":0,"filesUpdated":0,"matched":0,"total":0,"unchecked":0,"uncheckedKeysByFile":[],"unmatched":0,"updated":0,"didUpdate":false},"startTime":1786761267111,"success":false,"testResults":[{"assertionResults":[{"ancestorTitles":["App"],"fullName":"App renders SideNav with tool groups after mount","status":"passed","title":"renders SideNav with tool groups after mount","duration":607.8179999999993,"failureMessages":[],"meta":{},"tags":[]},{"ancestorTitles":["App"],"fullName":"App clicking a tool switches main area to ToolPanel","status":"passed","title":"clicking a tool switches main area to ToolPanel","duration":840.6683999999987,"failureMessages":[],"meta":{},"tags":[]},{"ancestorTitles":["App"],"fullName":"App Ctrl+K opens CommandPalette","status":"passed","title":"Ctrl+K opens CommandPalette","duration":741.7258999999995,"failureMessages":[],"meta":{},"tags":[]}],"startTime":1786761275676,"endTime":1786761277866.7258,"status":"passed","message":"","name":"C:/Develop/project/00_AI/qraft/src/App.test.tsx"},{"assertionResults":[{"ancestorTitles":["smoke: SideNav 显示工具分组"],"fullName":"smoke: SideNav 显示工具分组 渲染工具分类分组标题","status":"passed","title":"渲染工具分类分组标题","duration":650.7930000000015,"failureMessages":[],"meta":{},"tags":[]},{"ancestorTitles":["smoke: SideNav 显示工具分组"],"fullName":"smoke: SideNav 显示工具分组 展开分组后工具渲染为按钮","status":"passed","title":"展开分组后工具渲染为按钮","duration":759.6765999999989,"failureMessages":[],"meta":{},"tags":[]},{"ancestorTitles":["smoke: 点击工具切换 ToolPanel"],"fullName":"smoke: 点击工具切换 ToolPanel 点击工具后主区域显示该工具名","status":"passed","title":"点击工具后主区域显示该工具名","duration":864.8885000000009,"failureMessages":[],"meta":{},"tags":[]},{"ancestorTitles":["smoke: 点击工具切换 ToolPanel"],"fullName":"smoke: 点击工具切换 ToolPanel 切换工具后 currentToolId 更新","status":"passed","title":"切换工具后 currentToolId 更新","duration":1108.1910000000007,"failureMessages":[],"meta":{},"tags":[]},{"ancestorTitles":["smoke: Ctrl+K 打开 CommandPalette"],"fullName":"smoke: Ctrl+K 打开 CommandPalette 按 Ctrl+K 出现 dialog,Esc 关闭","status":"passed","title":"按 Ctrl+K 出现 dialog,Esc 关闭","duration":1009.8633000000009,"failureMessages":[],"meta":{},"tags":[]},{"ancestorTitles":["smoke: Ctrl+K 打开 CommandPalette"],"fullName":"smoke: Ctrl+K 打开 CommandPalette 命令面板中输入 base64 后显示相关工具","status":"passed","title":"命令面板中输入 base64 后显示相关工具","duration":894.8114000000005,"failureMessages":[],"meta":{},"tags":[]}],"startTime":1786761275676,"endTime":1786761280964.8113,"status":"passed","message":"","name":"C:/Develop/project/00_AI/qraft/src/integration.smoke.test.tsx"},{"assertionResults":[{"ancestorTitles":["CommandPalette"],"fullName":"CommandPalette does not render dialog when closed","status":"passed","title":"does not render dialog when closed","duration":71.98730000000069,"failureMessages":[],"meta":{},"tags":[]},{"ancestorTitles":["CommandPalette"],"fullName":"CommandPalette renders tool list when open","status":"passed","title":"renders tool list when open","duration":619.4173000000001,"failureMessages":[],"meta":{},"tags":[]},{"ancestorTitles":["CommandPalette"],"fullName":"CommandPalette filters tools by search query","status":"passed","title":"filters tools by search query","duration":551.9093999999996,"failureMessages":[],"meta":{},"tags":[]},{"ancestorTitles":["CommandPalette"],"fullName":"CommandPalette selecting a tool selects the tool and closes the palette","status":"passed","title":"selecting a tool selects the tool and closes the palette","duration":324.7450000000008,"failureMessages":[],"meta":{},"tags":[]}],"startTime":1786761271959,"endTime":1786761273527.745,"status":"passed","message":"","name":"C:/Develop/project/00_AI/qraft/src/components/CommandPalette.test.tsx"},{"assertionResults":[{"ancestorTitles":["ErrorBoundary"],"fullName":"ErrorBoundary renders children when no error","status":"passed","title":"renders children when no error","duration":61.29709999999977,"failureMessages":[],"meta":{},"tags":[]},{"ancestorTitles":["ErrorBoundary"],"fullName":"ErrorBoundary renders fallback UI when child throws","status":"passed","title":"renders fallback UI when child throws","duration":246.34709999999995,"failureMessages":[],"meta":{},"tags":[]},{"ancestorTitles":["ErrorBoundary"],"fullName":"ErrorBoundary shows toast.error on error","status":"passed","title":"shows toast.error on error","duration":10.187699999999495,"failureMessages":[],"meta":{},"tags":[]},{"ancestorTitles":["ErrorBoundary"],"fullName":"ErrorBoundary copy error button writes to clipboard","status":"passed","title":"copy error button writes to clipboard","duration":117.94890000000032,"failureMessages":[],"meta":{},"tags":[]}],"startTime":1786761278692,"endTime":1786761279127.949,"status":"passed","message":"","name":"C:/Develop/project/00_AI/qraft/src/components/ErrorBoundary.test.tsx"},{"assertionResults":[{"ancestorTitles":["HistoryPanel"],"fullName":"HistoryPanel renders history entries with tool id and preview","status":"passed","title":"renders history entries with tool id and preview","duration":141.40149999999994,"failureMessages":[],"meta":{},"tags":[]},{"ancestorTitles":["HistoryPanel"],"fullName":"HistoryPanel clicking an entry calls onSelect with entry","status":"passed","title":"clicking an entry calls onSelect with entry","duration":293.1099000000004,"failureMessages":[],"meta":{},"tags":[]},{"ancestorTitles":["HistoryPanel"],"fullName":"HistoryPanel clear button calls history_clear via store","status":"passed","title":"clear button calls history_clear via store","duration":99.23499999999967,"failureMessages":[],"meta":{},"tags":[]},{"ancestorTitles":["HistoryPanel"],"fullName":"HistoryPanel shows empty state when no entries","status":"passed","title":"shows empty state when no entries","duration":15.682999999999993,"failureMessages":[],"meta":{},"tags":[]}],"startTime":1786761280047,"endTime":1786761280596.683,"status":"passed","message":"","name":"C:/Develop/project/00_AI/qraft/src/components/HistoryPanel.test.tsx"},{"assertionResults":[{"ancestorTitles":["Logo"],"fullName":"Logo renders an SVG with the toolbox viewBox and currentColor fill","status":"passed","title":"renders an SVG with the toolbox viewBox and currentColor fill","duration":93.28929999999991,"failureMessages":[],"meta":{},"tags":[]},{"ancestorTitles":["Logo"],"fullName":"Logo is decorative via aria-hidden","status":"passed","title":"is decorative via aria-hidden","duration":10.046400000000176,"failureMessages":[],"meta":{},"tags":[]},{"ancestorTitles":["Logo"],"fullName":"Logo renders two toolbox paths (body + keyhole)","status":"passed","title":"renders two toolbox paths (body + keyhole)","duration":10.038299999999708,"failureMessages":[],"meta":{},"tags":[]},{"ancestorTitles":["Logo"],"fullName":"Logo passes className through to the svg element","status":"passed","title":"passes className through to the svg element","duration":5.2224999999998545,"failureMessages":[],"meta":{},"tags":[]}],"startTime":1786761278928,"endTime":1786761279046.2224,"status":"passed","message":"","name":"C:/Develop/project/00_AI/qraft/src/components/Logo.test.tsx"},{"assertionResults":[{"ancestorTitles":["SettingsDialog"],"fullName":"SettingsDialog shows left menu and theme content by default","status":"passed","title":"shows left menu and theme content by default","duration":980.2573000000002,"failureMessages":[],"meta":{},"tags":[]},{"ancestorTitles":["SettingsDialog"],"fullName":"SettingsDialog switches content when clicking a menu item","status":"passed","title":"switches content when clicking a menu item","duration":914.9988000000003,"failureMessages":[],"meta":{},"tags":[]},{"ancestorTitles":["SettingsDialog"],"fullName":"SettingsDialog calls onOpenChange(false) when clicking close button","status":"passed","title":"calls onOpenChange(false) when clicking close button","duration":507.91339999999946,"failureMessages":[],"meta":{},"tags":[]},{"ancestorTitles":["SettingsDialog"],"fullName":"SettingsDialog drags the dialog via the title bar","status":"passed","title":"drags the dialog via the title bar","duration":138.65490000000045,"failureMessages":[],"meta":{},"tags":[]}],"startTime":1786761272536,"endTime":1786761275078.6548,"status":"passed","message":"","name":"C:/Develop/project/00_AI/qraft/src/components/SettingsDialog.test.tsx"},{"assertionResults":[{"ancestorTitles":["SettingsPanel"],"fullName":"SettingsPanel renders theme section and form fields from current config","status":"passed","title":"renders theme section and form fields from current config","duration":476.6237000000001,"failureMessages":[],"meta":{},"tags":[]},{"ancestorTitles":["SettingsPanel"],"fullName":"SettingsPanel renders without crashing when config lacks toolPrefs (legacy persisted config)","status":"passed","title":"renders without crashing when config lacks toolPrefs (legacy persisted config)","duration":139.77649999999994,"failureMessages":[],"meta":{},"tags":[]},{"ancestorTitles":["SettingsPanel"],"fullName":"SettingsPanel shows validation error when max history is negative","status":"passed","title":"shows validation error when max history is negative","duration":448.64799999999923,"failureMessages":[],"meta":{},"tags":[]},{"ancestorTitles":["SettingsPanel"],"fullName":"SettingsPanel clicking save calls setConfig with changed values","status":"passed","title":"clicking save calls setConfig with changed values","duration":848.2035000000005,"failureMessages":[],"meta":{},"tags":[]},{"ancestorTitles":["SettingsPanel"],"fullName":"SettingsPanel does not call setConfig when form invalid","status":"passed","title":"does not call setConfig when form invalid","duration":911.4043000000001,"failureMessages":[],"meta":{},"tags":[]}],"startTime":1786761272536,"endTime":1786761275360.4043,"status":"passed","message":"","name":"C:/Develop/project/00_AI/qraft/src/components/SettingsPanel.test.tsx"},{"assertionResults":[{"ancestorTitles":["SideNav"],"fullName":"SideNav renders groups by category with headings","status":"passed","title":"renders groups by category with headings","duration":536.3681999999999,"failureMessages":[],"meta":{},"tags":[]},{"ancestorTitles":["SideNav"],"fullName":"SideNav clicking a tool calls selectTool","status":"passed","title":"clicking a tool calls selectTool","duration":222.8058000000001,"failureMessages":[],"meta":{},"tags":[]},{"ancestorTitles":["SideNav"],"fullName":"SideNav highlights current tool via aria-current","status":"passed","title":"highlights current tool via aria-current","duration":85.08359999999993,"failureMessages":[],"meta":{},"tags":[]},{"ancestorTitles":["SideNav"],"fullName":"SideNav ArrowDown moves focus to next tool","status":"passed","title":"ArrowDown moves focus to next tool","duration":160.27829999999994,"failureMessages":[],"meta":{},"tags":[]}],"startTime":1786761277599,"endTime":1786761278604.2783,"status":"passed","message":"","name":"C:/Develop/project/00_AI/qraft/src/components/SideNav.test.tsx"},{"assertionResults":[{"ancestorTitles":["ToolPanel"],"fullName":"ToolPanel mounts the registered tool component for toolId","status":"passed","title":"mounts the registered tool component for toolId","duration":1335.3903,"failureMessages":[],"meta":{},"tags":[]},{"ancestorTitles":["ToolPanel"],"fullName":"ToolPanel renders alerts when provided","status":"passed","title":"renders alerts when provided","duration":147.9422000000004,"failureMessages":[],"meta":{},"tags":[]},{"ancestorTitles":["ToolPanel"],"fullName":"ToolPanel renders empty state when toolId not found","status":"passed","title":"renders empty state when toolId not found","duration":4.013699999999517,"failureMessages":[],"meta":{},"tags":[]},{"ancestorTitles":["ToolPanel"],"fullName":"ToolPanel keeps tool input after switching away and back (keepalive)","status":"passed","title":"keeps tool input after switching away and back (keepalive)","duration":776.6057000000001,"failureMessages":[],"meta":{},"tags":[]}],"startTime":1786761272067,"endTime":1786761274331.6057,"status":"passed","message":"","name":"C:/Develop/project/00_AI/qraft/src/components/ToolPanel.test.tsx"},{"assertionResults":[{"ancestorTitles":["useClipboard"],"fullName":"useClipboard read returns text on success","status":"passed","title":"read returns text on success","duration":28.689700000000357,"failureMessages":[],"meta":{},"tags":[]},{"ancestorTitles":["useClipboard"],"fullName":"useClipboard read returns empty string on failure","status":"passed","title":"read returns empty string on failure","duration":3.7794000000003507,"failureMessages":[],"meta":{},"tags":[]},{"ancestorTitles":["useClipboard"],"fullName":"useClipboard write calls clipboard_write_text with text","status":"passed","title":"write calls clipboard_write_text with text","duration":4.044599999999718,"failureMessages":[],"meta":{},"tags":[]},{"ancestorTitles":["useClipboard"],"fullName":"useClipboard canRead flag defaults to true","status":"passed","title":"canRead flag defaults to true","duration":2.764099999999871,"failureMessages":[],"meta":{},"tags":[]}],"startTime":1786761281457,"endTime":1786761281496.7642,"status":"passed","message":"","name":"C:/Develop/project/00_AI/qraft/src/hooks/useClipboard.test.ts"},{"assertionResults":[{"ancestorTitles":["useTool"],"fullName":"useTool returns metadata from store by toolId","status":"passed","title":"returns metadata from store by toolId","duration":29.92540000000008,"failureMessages":[],"meta":{},"tags":[]},{"ancestorTitles":["useTool"],"fullName":"useTool execute invokes tool_execute and stores result","status":"passed","title":"execute invokes tool_execute and stores result","duration":9.012099999999919,"failureMessages":[],"meta":{},"tags":[]},{"ancestorTitles":["useTool"],"fullName":"useTool execute sets error when response fails","status":"passed","title":"execute sets error when response fails","duration":5.564800000000105,"failureMessages":[],"meta":{},"tags":[]},{"ancestorTitles":["useTool"],"fullName":"useTool cancels running task on unmount","status":"passed","title":"cancels running task on unmount","duration":4.567200000000412,"failureMessages":[],"meta":{},"tags":[]}],"startTime":1786761278999,"endTime":1786761279047.5671,"status":"passed","message":"","name":"C:/Develop/project/00_AI/qraft/src/hooks/useTool.test.tsx"},{"assertionResults":[{"ancestorTitles":["diffLines"],"fullName":"diffLines 完全相同文本 → 全部 equal","status":"passed","title":"完全相同文本 → 全部 equal","duration":3.3798000000001593,"failureMessages":[],"meta":{},"tags":[]},{"ancestorTitles":["diffLines"],"fullName":"diffLines 纯新增","status":"passed","title":"纯新增","duration":0.6518000000000939,"failureMessages":[],"meta":{},"tags":[]},{"ancestorTitles":["diffLines"],"fullName":"diffLines 纯删除","status":"passed","title":"纯删除","duration":0.503400000000056,"failureMessages":[],"meta":{},"tags":[]},{"ancestorTitles":["diffLines"],"fullName":"diffLines 中间修改一行 → remove + add 相邻","status":"passed","title":"中间修改一行 → remove + add 相邻","duration":0.4983999999999469,"failureMessages":[],"meta":{},"tags":[]},{"ancestorTitles":["diffLines"],"fullName":"diffLines 尾部追加","status":"passed","title":"尾部追加","duration":0.5585999999998421,"failureMessages":[],"meta":{},"tags":[]},{"ancestorTitles":["diffLines"],"fullName":"diffLines 乱序重排能识别移动为删除+新增","status":"passed","title":"乱序重排能识别移动为删除+新增","duration":1.658100000000104,"failureMessages":[],"meta":{},"tags":[]},{"ancestorTitles":["alignDiff"],"fullName":"alignDiff equal 行两侧同显且行号递增","status":"passed","title":"equal 行两侧同显且行号递增","duration":0.7998999999999796,"failureMessages":[],"meta":{},"tags":[]},{"ancestorTitles":["alignDiff"],"fullName":"alignDiff remove+add 配对为修改行(paired)","status":"passed","title":"remove+add 配对为修改行(paired)","duration":0.4798999999998159,"failureMessages":[],"meta":{},"tags":[]},{"ancestorTitles":["alignDiff"],"fullName":"alignDiff 多余新增行右显左空","status":"passed","title":"多余新增行右显左空","duration":0.7998000000002321,"failureMessages":[],"meta":{},"tags":[]},{"ancestorTitles":["alignDiff"],"fullName":"alignDiff 多余删除行左显右空","status":"passed","title":"多余删除行左显右空","duration":0.6242999999999483,"failureMessages":[],"meta":{},"tags":[]},{"ancestorTitles":["alignDiff"],"fullName":"alignDiff 删除与新增数量不等时按小值配对","status":"passed","title":"删除与新增数量不等时按小值配对","duration":0.49350000000004,"failureMessages":[],"meta":{},"tags":[]},{"ancestorTitles":["alignDiff"],"fullName":"alignDiff 空输入 → 0 行","status":"passed","title":"空输入 → 0 行","duration":0.2923999999998159,"failureMessages":[],"meta":{},"tags":[]},{"ancestorTitles":["inlineDiff"],"fullName":"inlineDiff 单行中间字符变化 → 仅变化段 changed","status":"passed","title":"单行中间字符变化 → 仅变化段 changed","duration":0.6563999999998487,"failureMessages":[],"meta":{},"tags":[]},{"ancestorTitles":["inlineDiff"],"fullName":"inlineDiff 相同行 → 单侧单段未变","status":"passed","title":"相同行 → 单侧单段未变","duration":0.3324999999999818,"failureMessages":[],"meta":{},"tags":[]},{"ancestorTitles":["inlineDiff"],"fullName":"inlineDiff 含 emoji(代理对)不拆散","status":"passed","title":"含 emoji(代理对)不拆散","duration":0.29120000000011714,"failureMessages":[],"meta":{},"tags":[]},{"ancestorTitles":["summarizeDiff"],"fullName":"summarizeDiff 修改与纯删除","status":"passed","title":"修改与纯删除","duration":0.4537999999997737,"failureMessages":[],"meta":{},"tags":[]},{"ancestorTitles":["summarizeDiff"],"fullName":"summarizeDiff 删除新增数量不等时按小值配对,剩余计入新增","status":"passed","title":"删除新增数量不等时按小值配对,剩余计入新增","duration":0.30769999999984066,"failureMessages":[],"meta":{},"tags":[]}],"startTime":1786761281636,"endTime":1786761281650.3076,"status":"passed","message":"","name":"C:/Develop/project/00_AI/qraft/src/lib/diff.test.ts"},{"assertionResults":[{"ancestorTitles":["unwrapResponse"],"fullName":"unwrapResponse returns ok with data when success is true","status":"passed","title":"returns ok with data when success is true","duration":2.297399999999925,"failureMessages":[],"meta":{},"tags":[]},{"ancestorTitles":["unwrapResponse"],"fullName":"unwrapResponse returns error when success is false","status":"passed","title":"returns error when success is false","duration":0.6597999999999047,"failureMessages":[],"meta":{},"tags":[]},{"ancestorTitles":["unwrapResponse"],"fullName":"unwrapResponse normalizes Rust payload (kind/detail) into code/details","status":"passed","title":"normalizes Rust payload (kind/detail) into code/details","duration":0.43460000000004584,"failureMessages":[],"meta":{},"tags":[]},{"ancestorTitles":["unwrapResponse"],"fullName":"unwrapResponse prefers kind over code when both present","status":"passed","title":"prefers kind over code when both present","duration":0.37489999999979773,"failureMessages":[],"meta":{},"tags":[]},{"ancestorTitles":["unwrapResponse"],"fullName":"unwrapResponse returns ERR_INTERNAL when success true but data missing","status":"passed","title":"returns ERR_INTERNAL when success true but data missing","duration":0.3045999999999367,"failureMessages":[],"meta":{},"tags":[]},{"ancestorTitles":["safeInvoke"],"fullName":"safeInvoke returns value when invoke resolves with success response","status":"passed","title":"returns value when invoke resolves with success response","duration":1.9387000000001535,"failureMessages":[],"meta":{},"tags":[]},{"ancestorTitles":["safeInvoke"],"fullName":"safeInvoke returns error when response.success is false","status":"passed","title":"returns error when response.success is false","duration":0.46549999999979264,"failureMessages":[],"meta":{},"tags":[]},{"ancestorTitles":["safeInvoke"],"fullName":"safeInvoke returns ERR_INTERNAL when invoke throws","status":"passed","title":"returns ERR_INTERNAL when invoke throws","duration":0.6476000000002387,"failureMessages":[],"meta":{},"tags":[]},{"ancestorTitles":["AppError"],"fullName":"AppError is instance of Error with code","status":"passed","title":"is instance of Error with code","duration":0.6586999999999534,"failureMessages":[],"meta":{},"tags":[]},{"ancestorTitles":["listen"],"fullName":"listen delegates to @tauri-apps/api/event listen","status":"passed","title":"delegates to @tauri-apps/api/event listen","duration":2.2525000000000546,"failureMessages":[],"meta":{},"tags":[]}],"startTime":1786761282048,"endTime":1786761282059.2524,"status":"passed","message":"","name":"C:/Develop/project/00_AI/qraft/src/lib/ipc.test.ts"},{"assertionResults":[{"ancestorTitles":["showAlert"],"fullName":"showAlert maps destructive variant to toast.error with title and description","status":"passed","title":"maps destructive variant to toast.error with title and description","duration":4.807399999999689,"failureMessages":[],"meta":{},"tags":[]},{"ancestorTitles":["showAlert"],"fullName":"showAlert maps success variant to toast.success","status":"passed","title":"maps success variant to toast.success","duration":0.8348999999998341,"failureMessages":[],"meta":{},"tags":[]},{"ancestorTitles":["showAlert"],"fullName":"showAlert maps warning variant to toast.warning","status":"passed","title":"maps warning variant to toast.warning","duration":0.7856999999999061,"failureMessages":[],"meta":{},"tags":[]},{"ancestorTitles":["showAlert"],"fullName":"showAlert maps info / default variant to callable toast","status":"passed","title":"maps info / default variant to callable toast","duration":0.7204000000001543,"failureMessages":[],"meta":{},"tags":[]},{"ancestorTitles":["showAlert"],"fullName":"showAlert honours custom duration","status":"passed","title":"honours custom duration","duration":0.5473000000001775,"failureMessages":[],"meta":{},"tags":[]}],"startTime":1786761282206,"endTime":1786761282213.5474,"status":"passed","message":"","name":"C:/Develop/project/00_AI/qraft/src/lib/toast-alert.test.ts"},{"assertionResults":[{"ancestorTitles":["cn utility"],"fullName":"cn utility merges plain class strings","status":"passed","title":"merges plain class strings","duration":10.667300000000068,"failureMessages":[],"meta":{},"tags":[]},{"ancestorTitles":["cn utility"],"fullName":"cn utility dedupes conflicting tailwind classes via tailwind-merge","status":"passed","title":"dedupes conflicting tailwind classes via tailwind-merge","duration":0.6006999999999607,"failureMessages":[],"meta":{},"tags":[]},{"ancestorTitles":["cn utility"],"fullName":"cn utility handles conditional and falsy inputs via clsx","status":"passed","title":"handles conditional and falsy inputs via clsx","duration":0.741399999999885,"failureMessages":[],"meta":{},"tags":[]}],"startTime":1786761281798,"endTime":1786761281809.7415,"status":"passed","message":"","name":"C:/Develop/project/00_AI/qraft/src/lib/utils.test.ts"},{"assertionResults":[{"ancestorTitles":["configStore.loadConfig"],"fullName":"configStore.loadConfig sets config from config_get_all success response","status":"passed","title":"sets config from config_get_all success response","duration":2.123899999999594,"failureMessages":[],"meta":{},"tags":[]},{"ancestorTitles":["configStore.loadConfig"],"fullName":"configStore.loadConfig sets error message when response.success is false","status":"passed","title":"sets error message when response.success is false","duration":0.5135000000000218,"failureMessages":[],"meta":{},"tags":[]},{"ancestorTitles":["configStore.loadConfig"],"fullName":"configStore.loadConfig sets error when invoke throws","status":"passed","title":"sets error when invoke throws","duration":0.5190999999999804,"failureMessages":[],"meta":{},"tags":[]},{"ancestorTitles":["configStore.setConfig"],"fullName":"configStore.setConfig calls config_set with key and value","status":"passed","title":"calls config_set with key and value","duration":1.9023999999999432,"failureMessages":[],"meta":{},"tags":[]},{"ancestorTitles":["configStore.setConfig"],"fullName":"configStore.setConfig optimistically updates nested config when loaded","status":"passed","title":"optimistically updates nested config when loaded","duration":0.39720000000033906,"failureMessages":[],"meta":{},"tags":[]},{"ancestorTitles":["configStore.setConfig"],"fullName":"configStore.setConfig returns error info on failure without throwing","status":"passed","title":"returns error info on failure without throwing","duration":0.2658000000001266,"failureMessages":[],"meta":{},"tags":[]},{"ancestorTitles":["configStore.applyConfigChanged"],"fullName":"configStore.applyConfigChanged updates nested key via dot path","status":"passed","title":"updates nested key via dot path","duration":0.27620000000024447,"failureMessages":[],"meta":{},"tags":[]}],"startTime":1786761282316,"endTime":1786761282322.2761,"status":"passed","message":"","name":"C:/Develop/project/00_AI/qraft/src/store/configStore.test.ts"},{"assertionResults":[{"ancestorTitles":["historyStore.loadHistory"],"fullName":"historyStore.loadHistory loads entries with default limit 100","status":"passed","title":"loads entries with default limit 100","duration":5.563099999999849,"failureMessages":[],"meta":{},"tags":[]},{"ancestorTitles":["historyStore.loadHistory"],"fullName":"historyStore.loadHistory respects custom limit argument","status":"passed","title":"respects custom limit argument","duration":0.9904000000001361,"failureMessages":[],"meta":{},"tags":[]},{"ancestorTitles":["historyStore.loadHistory"],"fullName":"historyStore.loadHistory sets error when invoke fails","status":"passed","title":"sets error when invoke fails","duration":0.8700999999996384,"failureMessages":[],"meta":{},"tags":[]},{"ancestorTitles":["historyStore.clearHistory"],"fullName":"historyStore.clearHistory calls history_clear and empties entries on success","status":"passed","title":"calls history_clear and empties entries on success","duration":0.5967000000000553,"failureMessages":[],"meta":{},"tags":[]},{"ancestorTitles":["historyStore.clearHistory"],"fullName":"historyStore.clearHistory keeps entries on failure and sets error","status":"passed","title":"keeps entries on failure and sets error","duration":0.6141999999999825,"failureMessages":[],"meta":{},"tags":[]},{"ancestorTitles":["historyStore.applyHistoryAdded"],"fullName":"historyStore.applyHistoryAdded prepends new entry and trims to max 200","status":"passed","title":"prepends new entry and trims to max 200","duration":0.578899999999976,"failureMessages":[],"meta":{},"tags":[]}],"startTime":1786761282086,"endTime":1786761282095.6143,"status":"passed","message":"","name":"C:/Develop/project/00_AI/qraft/src/store/historyStore.test.ts"},{"assertionResults":[{"ancestorTitles":["toolStateStore.loadTools"],"fullName":"toolStateStore.loadTools stores availableTools on success","status":"passed","title":"stores availableTools on success","duration":2.0189000000000306,"failureMessages":[],"meta":{},"tags":[]},{"ancestorTitles":["toolStateStore.loadTools"],"fullName":"toolStateStore.loadTools leaves availableTools empty on failure","status":"passed","title":"leaves availableTools empty on failure","duration":0.9891999999999825,"failureMessages":[],"meta":{},"tags":[]},{"ancestorTitles":["toolStateStore.selectTool"],"fullName":"toolStateStore.selectTool sets currentToolId","status":"passed","title":"sets currentToolId","duration":0.34360000000015134,"failureMessages":[],"meta":{},"tags":[]},{"ancestorTitles":["toolStateStore.selectTool"],"fullName":"toolStateStore.selectTool can clear by passing null","status":"passed","title":"can clear by passing null","duration":0.28729999999995925,"failureMessages":[],"meta":{},"tags":[]},{"ancestorTitles":["toolStateStore.executeTool"],"fullName":"toolStateStore.executeTool sets running true then false, stores output","status":"passed","title":"sets running true then false, stores output","duration":0.46410000000014406,"failureMessages":[],"meta":{},"tags":[]},{"ancestorTitles":["toolStateStore.executeTool"],"fullName":"toolStateStore.executeTool returns error info on failure","status":"passed","title":"returns error info on failure","duration":0.33379999999988286,"failureMessages":[],"meta":{},"tags":[]},{"ancestorTitles":["streaming task lifecycle"],"fullName":"streaming task lifecycle applyToolProgress updates task progress","status":"passed","title":"applyToolProgress updates task progress","duration":0.4260999999996784,"failureMessages":[],"meta":{},"tags":[]},{"ancestorTitles":["streaming task lifecycle"],"fullName":"streaming task lifecycle applyToolChunk appends text and keeps running","status":"passed","title":"applyToolChunk appends text and keeps running","duration":0.2925000000000182,"failureMessages":[],"meta":{},"tags":[]},{"ancestorTitles":["streaming task lifecycle"],"fullName":"streaming task lifecycle applyToolCompleted sets status completed with output","status":"passed","title":"applyToolCompleted sets status completed with output","duration":0.3124000000002525,"failureMessages":[],"meta":{},"tags":[]},{"ancestorTitles":["streaming task lifecycle"],"fullName":"streaming task lifecycle applyToolFailed sets status failed with error","status":"passed","title":"applyToolFailed sets status failed with error","duration":0.36679999999978463,"failureMessages":[],"meta":{},"tags":[]}],"startTime":1786761282336,"endTime":1786761282342.3667,"status":"passed","message":"","name":"C:/Develop/project/00_AI/qraft/src/store/toolStateStore.test.ts"},{"assertionResults":[{"ancestorTitles":["globals.css 主题系统(Tailwind v4 + OKLCH + data-palette)"],"fullName":"globals.css 主题系统(Tailwind v4 + OKLCH + data-palette) 使用 Tailwind v4 入口与 dark 自定义变体","status":"passed","title":"使用 Tailwind v4 入口与 dark 自定义变体","duration":2.2333000000003267,"failureMessages":[],"meta":{},"tags":[]},{"ancestorTitles":["globals.css 主题系统(Tailwind v4 + OKLCH + data-palette)"],"fullName":"globals.css 主题系统(Tailwind v4 + OKLCH + data-palette) 默认 :root 提供亮色基底(OKLCH)","status":"passed","title":"默认 :root 提供亮色基底(OKLCH)","duration":0.94629999999961,"failureMessages":[],"meta":{},"tags":[]},{"ancestorTitles":["globals.css 主题系统(Tailwind v4 + OKLCH + data-palette)"],"fullName":"globals.css 主题系统(Tailwind v4 + OKLCH + data-palette) 定义 5 套预设主题 + 自定义主题的 data-palette 选择器","status":"passed","title":"定义 5 套预设主题 + 自定义主题的 data-palette 选择器","duration":0.9073000000003049,"failureMessages":[],"meta":{},"tags":[]},{"ancestorTitles":["globals.css 主题系统(Tailwind v4 + OKLCH + data-palette)"],"fullName":"globals.css 主题系统(Tailwind v4 + OKLCH + data-palette) 使用 @theme inline 映射 CSS 变量到 Tailwind utility","status":"passed","title":"使用 @theme inline 映射 CSS 变量到 Tailwind utility","duration":0.8152000000000044,"failureMessages":[],"meta":{},"tags":[]},{"ancestorTitles":["globals.css 主题系统(Tailwind v4 + OKLCH + data-palette)"],"fullName":"globals.css 主题系统(Tailwind v4 + OKLCH + data-palette) 深色主题启用 color-scheme: dark","status":"passed","title":"深色主题启用 color-scheme: dark","duration":0.6014999999997599,"failureMessages":[],"meta":{},"tags":[]},{"ancestorTitles":["globals.css 主题系统(Tailwind v4 + OKLCH + data-palette)"],"fullName":"globals.css 主题系统(Tailwind v4 + OKLCH + data-palette) 提供圆角令牌与字体回退","status":"passed","title":"提供圆角令牌与字体回退","duration":0.4915000000000873,"failureMessages":[],"meta":{},"tags":[]}],"startTime":1786761282309,"endTime":1786761282314.6016,"status":"passed","message":"","name":"C:/Develop/project/00_AI/qraft/src/styles/globals.test.ts"},{"assertionResults":[{"ancestorTitles":["Base64Codec 统一转换工具"],"fullName":"Base64Codec 统一转换工具 renders direction tabs, mode select and dual editors","status":"passed","title":"renders direction tabs, mode select and dual editors","duration":562.8537000000006,"failureMessages":[],"meta":{},"tags":[]},{"ancestorTitles":["Base64Codec 统一转换工具"],"fullName":"Base64Codec 统一转换工具 defaults to decode + text and calls tool_execute with text mode","status":"passed","title":"defaults to decode + text and calls tool_execute with text mode","duration":637.4892,"failureMessages":[],"meta":{},"tags":[]},{"ancestorTitles":["Base64Codec 统一转换工具"],"fullName":"Base64Codec 统一转换工具 switches to encode direction and encodes with text mode","status":"passed","title":"switches to encode direction and encodes with text mode","duration":667.9519,"failureMessages":[],"meta":{},"tags":[]},{"ancestorTitles":["Base64Codec 统一转换工具"],"fullName":"Base64Codec 统一转换工具 encodes hex mode with mode param","status":"passed","title":"encodes hex mode with mode param","duration":1168.1681999999992,"failureMessages":[],"meta":{},"tags":[]},{"ancestorTitles":["Base64Codec 统一转换工具"],"fullName":"Base64Codec 统一转换工具 decodes hex with uppercase switch","status":"passed","title":"decodes hex with uppercase switch","duration":1003.0459000000001,"failureMessages":[],"meta":{},"tags":[]},{"ancestorTitles":["Base64Codec 统一转换工具"],"fullName":"Base64Codec 统一转换工具 shows error text in output when invoke fails","status":"passed","title":"shows error text in output when invoke fails","duration":572.0882000000001,"failureMessages":[],"meta":{},"tags":[]},{"ancestorTitles":["Base64Codec 统一转换工具"],"fullName":"Base64Codec 统一转换工具 renders file dropzone for encode image mode","status":"passed","title":"renders file dropzone for encode image mode","duration":503.95560000000114,"failureMessages":[],"meta":{},"tags":[]},{"ancestorTitles":["Base64Codec 统一转换工具"],"fullName":"Base64Codec 统一转换工具 encodes a file to data url and shows output","status":"passed","title":"encodes a file to data url and shows output","duration":582.5204999999987,"failureMessages":[],"meta":{},"tags":[]},{"ancestorTitles":["Base64Codec 统一转换工具"],"fullName":"Base64Codec 统一转换工具 decodes binary and shows image preview","status":"passed","title":"decodes binary and shows image preview","duration":968.1545999999998,"failureMessages":[],"meta":{},"tags":[]},{"ancestorTitles":["Base64Codec 统一转换工具"],"fullName":"Base64Codec 统一转换工具 calls fs_save_bytes when clicking save in binary preview","status":"passed","title":"calls fs_save_bytes when clicking save in binary preview","duration":877.8389000000006,"failureMessages":[],"meta":{},"tags":[]},{"ancestorTitles":["Base64Codec 统一转换工具"],"fullName":"Base64Codec 统一转换工具 switching mode preserves the input text","status":"passed","title":"switching mode preserves the input text","duration":392.9197000000004,"failureMessages":[],"meta":{},"tags":[]},{"ancestorTitles":["Base64Codec 统一转换工具"],"fullName":"Base64Codec 统一转换工具 auto-runs when switching text mode with non-empty input","status":"passed","title":"auto-runs when switching text mode with non-empty input","duration":802.6787999999997,"failureMessages":[],"meta":{},"tags":[]},{"ancestorTitles":["Base64Codec 统一转换工具"],"fullName":"Base64Codec 统一转换工具 auto-runs when switching file decode mode with non-empty input","status":"passed","title":"auto-runs when switching file decode mode with non-empty input","duration":1426.899300000001,"failureMessages":[],"meta":{},"tags":[]}],"startTime":1786761272487,"endTime":1786761282653.8994,"status":"passed","message":"","name":"C:/Develop/project/00_AI/qraft/src/tools/Base64Codec.test.tsx"},{"assertionResults":[{"ancestorTitles":["CodeEditorTool workspace"],"fullName":"CodeEditorTool workspace shows empty state with open/new actions when no tabs","status":"passed","title":"shows empty state with open/new actions when no tabs","duration":311.1911,"failureMessages":[],"meta":{},"tags":[]},{"ancestorTitles":["CodeEditorTool workspace"],"fullName":"CodeEditorTool workspace creates an untitled tab when clicking 新建","status":"passed","title":"creates an untitled tab when clicking 新建","duration":189.63920000000053,"failureMessages":[],"meta":{},"tags":[]},{"ancestorTitles":["CodeEditorTool workspace"],"fullName":"CodeEditorTool workspace opens a local file and infers language from extension","status":"passed","title":"opens a local file and infers language from extension","duration":154.29970000000048,"failureMessages":[],"meta":{},"tags":[]},{"ancestorTitles":["CodeEditorTool workspace"],"fullName":"CodeEditorTool workspace does not duplicate a tab when the same file is opened twice","status":"passed","title":"does not duplicate a tab when the same file is opened twice","duration":165.95210000000043,"failureMessages":[],"meta":{},"tags":[]},{"ancestorTitles":["CodeEditorTool workspace"],"fullName":"CodeEditorTool workspace marks a tab dirty after editing and clears on save","status":"passed","title":"marks a tab dirty after editing and clears on save","duration":159.09779999999955,"failureMessages":[],"meta":{},"tags":[]},{"ancestorTitles":["CodeEditorTool workspace"],"fullName":"CodeEditorTool workspace switches tabs and closes via the tabs bar close button","status":"passed","title":"switches tabs and closes via the tabs bar close button","duration":223.13520000000062,"failureMessages":[],"meta":{},"tags":[]},{"ancestorTitles":["CodeEditorTool workspace"],"fullName":"CodeEditorTool workspace closes a tab via middle-click on the tab","status":"passed","title":"closes a tab via middle-click on the tab","duration":153.73030000000017,"failureMessages":[],"meta":{},"tags":[]},{"ancestorTitles":["CodeEditorTool workspace"],"fullName":"CodeEditorTool workspace does not close on left-click of the tab (only switches)","status":"passed","title":"does not close on left-click of the tab (only switches)","duration":118.57260000000042,"failureMessages":[],"meta":{},"tags":[]},{"ancestorTitles":["CodeEditorTool workspace"],"fullName":"CodeEditorTool workspace closes all tabs via toolbar action","status":"passed","title":"closes all tabs via toolbar action","duration":173.6221999999998,"failureMessages":[],"meta":{},"tags":[]},{"ancestorTitles":["CodeEditorTool workspace"],"fullName":"CodeEditorTool workspace closes a clean tab via the sidebar close icon","status":"passed","title":"closes a clean tab via the sidebar close icon","duration":151.91499999999996,"failureMessages":[],"meta":{},"tags":[]},{"ancestorTitles":["CodeEditorTool workspace"],"fullName":"CodeEditorTool workspace collapses and expands the file list by clicking the sidebar header","status":"passed","title":"collapses and expands the file list by clicking the sidebar header","duration":159.86389999999938,"failureMessages":[],"meta":{},"tags":[]},{"ancestorTitles":["CodeEditorTool workspace"],"fullName":"CodeEditorTool workspace creates a new tab via the sidebar header action button","status":"passed","title":"creates a new tab via the sidebar header action button","duration":157.1869999999999,"failureMessages":[],"meta":{},"tags":[]},{"ancestorTitles":["CodeEditorTool workspace"],"fullName":"CodeEditorTool workspace saves all dirty tabs via the sidebar header action button","status":"passed","title":"saves all dirty tabs via the sidebar header action button","duration":244.51109999999971,"failureMessages":[],"meta":{},"tags":[]},{"ancestorTitles":["CodeEditorTool workspace"],"fullName":"CodeEditorTool workspace prompts before closing a dirty tab via the sidebar close icon","status":"passed","title":"prompts before closing a dirty tab via the sidebar close icon","duration":479.8584000000001,"failureMessages":[],"meta":{},"tags":[]},{"ancestorTitles":["CodeEditorTool workspace"],"fullName":"CodeEditorTool workspace toggles the left sidebar visibility","status":"passed","title":"toggles the left sidebar visibility","duration":107.79029999999966,"failureMessages":[],"meta":{},"tags":[]},{"ancestorTitles":["CodeEditorTool workspace"],"fullName":"CodeEditorTool workspace persists the workspace via config_set after hydrate","status":"passed","title":"persists the workspace via config_set after hydrate","duration":557.0793999999996,"failureMessages":[],"meta":{},"tags":[]},{"ancestorTitles":["CodeEditorTool workspace"],"fullName":"CodeEditorTool workspace restores persisted workspace on mount","status":"passed","title":"restores persisted workspace on mount","duration":67.1168000000016,"failureMessages":[],"meta":{},"tags":[]},{"ancestorTitles":["CodeEditorTool workspace"],"fullName":"CodeEditorTool workspace follows the app palette without locking a fixed editor theme","status":"passed","title":"follows the app palette without locking a fixed editor theme","duration":103.6301999999996,"failureMessages":[],"meta":{},"tags":[]},{"ancestorTitles":["CodeEditorTool workspace"],"fullName":"CodeEditorTool workspace prompts before closing a dirty tab and keeps it on cancel","status":"passed","title":"prompts before closing a dirty tab and keeps it on cancel","duration":291.2047999999995,"failureMessages":[],"meta":{},"tags":[]},{"ancestorTitles":["CodeEditorTool workspace"],"fullName":"CodeEditorTool workspace closes a dirty tab after confirming discard","status":"passed","title":"closes a dirty tab after confirming discard","duration":245.3743000000013,"failureMessages":[],"meta":{},"tags":[]},{"ancestorTitles":["CodeEditorTool workspace"],"fullName":"CodeEditorTool workspace saves and closes a dirty tab via the confirm dialog","status":"passed","title":"saves and closes a dirty tab via the confirm dialog","duration":261.3320999999996,"failureMessages":[],"meta":{},"tags":[]},{"ancestorTitles":["CodeEditorTool workspace"],"fullName":"CodeEditorTool workspace prompts before closing all tabs when any tab is dirty","status":"passed","title":"prompts before closing all tabs when any tab is dirty","duration":294.1790000000001,"failureMessages":[],"meta":{},"tags":[]},{"ancestorTitles":["CodeEditorTool workspace"],"fullName":"CodeEditorTool workspace prompts before quitting the app when there are unsaved changes","status":"passed","title":"prompts before quitting the app when there are unsaved changes","duration":210.1761000000006,"failureMessages":[],"meta":{},"tags":[]},{"ancestorTitles":["CodeEditorTool workspace"],"fullName":"CodeEditorTool workspace quits directly when closing the window without unsaved changes","status":"passed","title":"quits directly when closing the window without unsaved changes","duration":101.23860000000059,"failureMessages":[],"meta":{},"tags":[]}],"startTime":1786761272575,"endTime":1786761277657.2385,"status":"passed","message":"","name":"C:/Develop/project/00_AI/qraft/src/tools/CodeEditor.test.tsx"},{"assertionResults":[{"ancestorTitles":["ColorConverter"],"fullName":"ColorConverter renders input, format select and convert button","status":"passed","title":"renders input, format select and convert button","duration":432.27909999999974,"failureMessages":[],"meta":{},"tags":[]},{"ancestorTitles":["ColorConverter"],"fullName":"ColorConverter calls tool_execute with text and from_format=hex by default","status":"passed","title":"calls tool_execute with text and from_format=hex by default","duration":152.19970000000012,"failureMessages":[],"meta":{},"tags":[]},{"ancestorTitles":["ColorConverter"],"fullName":"ColorConverter shows error alert when input is invalid hex","status":"passed","title":"shows error alert when input is invalid hex","duration":161.3143,"failureMessages":[],"meta":{},"tags":[]}],"startTime":1786761277325,"endTime":1786761278070.3142,"status":"passed","message":"","name":"C:/Develop/project/00_AI/qraft/src/tools/ColorConverter.test.tsx"},{"assertionResults":[{"ancestorTitles":["DuplicateDetector utilities"],"fullName":"DuplicateDetector utilities splitLines:兼容 LF 与 CRLF,行尾不残留 \\r","status":"passed","title":"splitLines:兼容 LF 与 CRLF,行尾不残留 \\r","duration":3.758299999999508,"failureMessages":[],"meta":{},"tags":[]},{"ancestorTitles":["DuplicateDetector utilities"],"fullName":"DuplicateDetector utilities splitLines + buildDuplicatesTable:CRLF 文本不会把相同行拆成不同 key","status":"passed","title":"splitLines + buildDuplicatesTable:CRLF 文本不会把相同行拆成不同 key","duration":2.1122000000004846,"failureMessages":[],"meta":{},"tags":[]},{"ancestorTitles":["DuplicateDetector utilities"],"fullName":"DuplicateDetector utilities buildDuplicatesTable (行模式):仅返回重复行,按首次出现顺序","status":"passed","title":"buildDuplicatesTable (行模式):仅返回重复行,按首次出现顺序","duration":0.6105999999999767,"failureMessages":[],"meta":{},"tags":[]},{"ancestorTitles":["DuplicateDetector utilities"],"fullName":"DuplicateDetector utilities buildDuplicatesTable (includeUnique=true):统计全部数据(含不重复行)","status":"passed","title":"buildDuplicatesTable (includeUnique=true):统计全部数据(含不重复行)","duration":0.37070000000039727,"failureMessages":[],"meta":{},"tags":[]},{"ancestorTitles":["DuplicateDetector utilities"],"fullName":"DuplicateDetector utilities buildDuplicatesTable (子串模式):以子串为键匹配,并展示原始整行","status":"passed","title":"buildDuplicatesTable (子串模式):以子串为键匹配,并展示原始整行","duration":0.3726999999998952,"failureMessages":[],"meta":{},"tags":[]},{"ancestorTitles":["DuplicateDetector utilities"],"fullName":"DuplicateDetector utilities buildDuplicatesTable (子串模式):长度 0 → 无任何重复","status":"passed","title":"buildDuplicatesTable (子串模式):长度 0 → 无任何重复","duration":0.32549999999991996,"failureMessages":[],"meta":{},"tags":[]},{"ancestorTitles":["DuplicateDetector utilities"],"fullName":"DuplicateDetector utilities listDuplicates (兼容旧 API):仅返回展示「值」","status":"passed","title":"listDuplicates (兼容旧 API):仅返回展示「值」","duration":0.4735000000000582,"failureMessages":[],"meta":{},"tags":[]},{"ancestorTitles":["DuplicateDetector utilities"],"fullName":"DuplicateDetector utilities summarize:总计 = 不重复 + 重复(每个成员都被计入)","status":"passed","title":"summarize:总计 = 不重复 + 重复(每个成员都被计入)","duration":0.4356999999999971,"failureMessages":[],"meta":{},"tags":[]},{"ancestorTitles":["DuplicateDetector utilities"],"fullName":"DuplicateDetector utilities summarize:无重复行 → duplicates=0","status":"passed","title":"summarize:无重复行 → duplicates=0","duration":0.36560000000008586,"failureMessages":[],"meta":{},"tags":[]},{"ancestorTitles":["DuplicateDetector utilities"],"fullName":"DuplicateDetector utilities summarize:全部重复 → unique=0、duplicates=total","status":"passed","title":"summarize:全部重复 → unique=0、duplicates=total","duration":0.564900000000307,"failureMessages":[],"meta":{},"tags":[]},{"ancestorTitles":["DuplicateDetector utilities"],"fullName":"DuplicateDetector utilities unduplicateLines (保留首次):只保留每组的首次出现","status":"passed","title":"unduplicateLines (保留首次):只保留每组的首次出现","duration":0.5264999999999418,"failureMessages":[],"meta":{},"tags":[]},{"ancestorTitles":["DuplicateDetector utilities"],"fullName":"DuplicateDetector utilities unduplicateLines (保留末次):只保留每组的最后出现","status":"passed","title":"unduplicateLines (保留末次):只保留每组的最后出现","duration":0.2881999999999607,"failureMessages":[],"meta":{},"tags":[]},{"ancestorTitles":["DuplicateDetector utilities"],"fullName":"DuplicateDetector utilities unduplicateLines (全部移除):每个重复组的所有成员都被丢弃","status":"passed","title":"unduplicateLines (全部移除):每个重复组的所有成员都被丢弃","duration":0.31490000000030705,"failureMessages":[],"meta":{},"tags":[]},{"ancestorTitles":["DuplicateDetector utilities"],"fullName":"DuplicateDetector utilities unduplicateLines (子串模式):按子串键去重","status":"passed","title":"unduplicateLines (子串模式):按子串键去重","duration":0.43739999999979773,"failureMessages":[],"meta":{},"tags":[]},{"ancestorTitles":["DuplicateDetector component"],"fullName":"DuplicateDetector component 渲染输入、表格区域与去重按钮","status":"passed","title":"渲染输入、表格区域与去重按钮","duration":357.58399999999983,"failureMessages":[],"meta":{},"tags":[]},{"ancestorTitles":["DuplicateDetector component"],"fullName":"DuplicateDetector component 顶部单行:显示全部配置项与按钮","status":"passed","title":"顶部单行:显示全部配置项与按钮","duration":166.70659999999953,"failureMessages":[],"meta":{},"tags":[]},{"ancestorTitles":["DuplicateDetector component"],"fullName":"DuplicateDetector component 空输入时表格显示「暂无数据」空状态(默认统计全部数据)","status":"passed","title":"空输入时表格显示「暂无数据」空状态(默认统计全部数据)","duration":149.46500000000015,"failureMessages":[],"meta":{},"tags":[]},{"ancestorTitles":["DuplicateDetector component"],"fullName":"DuplicateDetector component 默认开启「是否统计」:表格展示全部数据(含不重复行),汇总含「不重复」","status":"passed","title":"默认开启「是否统计」:表格展示全部数据(含不重复行),汇总含「不重复」","duration":240.28849999999966,"failureMessages":[],"meta":{},"tags":[]},{"ancestorTitles":["DuplicateDetector component"],"fullName":"DuplicateDetector component 关闭「是否统计」:仅显示重复行,汇总隐藏「不重复」","status":"passed","title":"关闭「是否统计」:仅显示重复行,汇总隐藏「不重复」","duration":170.50900000000001,"failureMessages":[],"meta":{},"tags":[]},{"ancestorTitles":["DuplicateDetector component"],"fullName":"DuplicateDetector component 三段计数始终满足 unique + duplicates = total","status":"passed","title":"三段计数始终满足 unique + duplicates = total","duration":160.51050000000032,"failureMessages":[],"meta":{},"tags":[]},{"ancestorTitles":["DuplicateDetector component"],"fullName":"DuplicateDetector component CRLF 输入:相同的行不会被拆开,统计正确","status":"passed","title":"CRLF 输入:相同的行不会被拆开,统计正确","duration":195.4312,"failureMessages":[],"meta":{},"tags":[]},{"ancestorTitles":["DuplicateDetector component"],"fullName":"DuplicateDetector component 默认保留首次:点击「去重」后输入框保留每组的首次出现","status":"passed","title":"默认保留首次:点击「去重」后输入框保留每组的首次出现","duration":212.6853000000001,"failureMessages":[],"meta":{},"tags":[]},{"ancestorTitles":["DuplicateDetector component"],"fullName":"DuplicateDetector component 大数据量:1 万行输入统计正确且表格仅渲染可见行(虚拟化)","status":"passed","title":"大数据量:1 万行输入统计正确且表格仅渲染可见行(虚拟化)","duration":173.84979999999996,"failureMessages":[],"meta":{},"tags":[]},{"ancestorTitles":["DuplicateDetector component"],"fullName":"DuplicateDetector component 快速输入:deferred 计算不阻塞输入框同步更新","status":"passed","title":"快速输入:deferred 计算不阻塞输入框同步更新","duration":142.03409999999985,"failureMessages":[],"meta":{},"tags":[]},{"ancestorTitles":["DuplicateDetector component"],"fullName":"DuplicateDetector component 输入为空时去重按钮禁用","status":"passed","title":"输入为空时去重按钮禁用","duration":83.57810000000063,"failureMessages":[],"meta":{},"tags":[]},{"ancestorTitles":["DuplicateDetector component"],"fullName":"DuplicateDetector component 所有配置项与去重/复制按钮位于同一个顶部工具栏卡片内","status":"passed","title":"所有配置项与去重/复制按钮位于同一个顶部工具栏卡片内","duration":165.4319999999998,"failureMessages":[],"meta":{},"tags":[]}],"startTime":1786761272398,"endTime":1786761274628.432,"status":"passed","message":"","name":"C:/Develop/project/00_AI/qraft/src/tools/DuplicateDetector.test.tsx"},{"assertionResults":[{"ancestorTitles":["HashCalculator"],"fullName":"HashCalculator renders algorithm select, text input and compute button","status":"passed","title":"renders algorithm select, text input and compute button","duration":458.59829999999965,"failureMessages":[],"meta":{},"tags":[]},{"ancestorTitles":["HashCalculator"],"fullName":"HashCalculator calls tool_execute with text + algorithm=sha256 by default","status":"passed","title":"calls tool_execute with text + algorithm=sha256 by default","duration":165.3681999999999,"failureMessages":[],"meta":{},"tags":[]},{"ancestorTitles":["HashCalculator"],"fullName":"HashCalculator shows error alert when invalid algorithm is used","status":"passed","title":"shows error alert when invalid algorithm is used","duration":209.28129999999965,"failureMessages":[],"meta":{},"tags":[]}],"startTime":1786761272536,"endTime":1786761273369.2812,"status":"passed","message":"","name":"C:/Develop/project/00_AI/qraft/src/tools/HashCalculator.test.tsx"},{"assertionResults":[{"ancestorTitles":["JsonFormatter"],"fullName":"JsonFormatter renders editors and all action buttons in the title bar","status":"passed","title":"renders editors and all action buttons in the title bar","duration":487.89989999999943,"failureMessages":[],"meta":{},"tags":[]},{"ancestorTitles":["JsonFormatter"],"fullName":"JsonFormatter formats small JSON on the frontend without IPC, respecting the indent setting","status":"passed","title":"formats small JSON on the frontend without IPC, respecting the indent setting","duration":148.20679999999993,"failureMessages":[],"meta":{},"tags":[]},{"ancestorTitles":["JsonFormatter"],"fullName":"JsonFormatter auto-formats small JSON on the frontend after input changes","status":"passed","title":"auto-formats small JSON on the frontend after input changes","duration":552.4847,"failureMessages":[],"meta":{},"tags":[]},{"ancestorTitles":["JsonFormatter"],"fullName":"JsonFormatter falls back to the Rust backend for inputs exceeding the frontend format limit","status":"passed","title":"falls back to the Rust backend for inputs exceeding the frontend format limit","duration":198.58729999999923,"failureMessages":[],"meta":{},"tags":[]},{"ancestorTitles":["JsonFormatter"],"fullName":"JsonFormatter clears output when input becomes empty","status":"passed","title":"clears output when input becomes empty","duration":675.1687000000002,"failureMessages":[],"meta":{},"tags":[]},{"ancestorTitles":["JsonFormatter"],"fullName":"JsonFormatter shows a frontend parse error in the right-side output when the JSON is invalid","status":"passed","title":"shows a frontend parse error in the right-side output when the JSON is invalid","duration":109.91010000000006,"failureMessages":[],"meta":{},"tags":[]},{"ancestorTitles":["JsonFormatter"],"fullName":"JsonFormatter minifies JSON on the frontend without IPC","status":"passed","title":"minifies JSON on the frontend without IPC","duration":88.96890000000076,"failureMessages":[],"meta":{},"tags":[]},{"ancestorTitles":["JsonFormatter"],"fullName":"JsonFormatter sorts keys ascending then descending on the frontend","status":"passed","title":"sorts keys ascending then descending on the frontend","duration":185.42649999999958,"failureMessages":[],"meta":{},"tags":[]},{"ancestorTitles":["JsonFormatter"],"fullName":"JsonFormatter generates a TypeScript interface on the frontend","status":"passed","title":"generates a TypeScript interface on the frontend","duration":198.54050000000007,"failureMessages":[],"meta":{},"tags":[]},{"ancestorTitles":["JsonFormatter"],"fullName":"JsonFormatter detects XML input and converts it to JSON for quick actions","status":"passed","title":"detects XML input and converts it to JSON for quick actions","duration":141.39599999999973,"failureMessages":[],"meta":{},"tags":[]},{"ancestorTitles":["JsonFormatter"],"fullName":"JsonFormatter shows a frontend parse error in the right-side output when quick action input is invalid","status":"passed","title":"shows a frontend parse error in the right-side output when quick action input is invalid","duration":99.52139999999963,"failureMessages":[],"meta":{},"tags":[]}],"startTime":1786761272384,"endTime":1786761275270.5215,"status":"passed","message":"","name":"C:/Develop/project/00_AI/qraft/src/tools/JsonFormatter.test.tsx"},{"assertionResults":[{"ancestorTitles":["JwtParser"],"fullName":"JwtParser renders JWT input editor and parse button","status":"passed","title":"renders JWT input editor and parse button","duration":282.04100000000017,"failureMessages":[],"meta":{},"tags":[]},{"ancestorTitles":["JwtParser"],"fullName":"JwtParser displays header, payload, signature on successful parse","status":"passed","title":"displays header, payload, signature on successful parse","duration":231.60379999999986,"failureMessages":[],"meta":{},"tags":[]},{"ancestorTitles":["JwtParser"],"fullName":"JwtParser shows error alert when JWT has only 2 segments","status":"passed","title":"shows error alert when JWT has only 2 segments","duration":93.83619999999974,"failureMessages":[],"meta":{},"tags":[]}],"startTime":1786761279124,"endTime":1786761279731.8362,"status":"passed","message":"","name":"C:/Develop/project/00_AI/qraft/src/tools/JwtParser.test.tsx"},{"assertionResults":[{"ancestorTitles":["RegexTester"],"fullName":"RegexTester renders pattern input, flags input, test editor and test button","status":"passed","title":"renders pattern input, flags input, test editor and test button","duration":376.0688,"failureMessages":[],"meta":{},"tags":[]},{"ancestorTitles":["RegexTester"],"fullName":"RegexTester calls tool_execute with pattern, flags and text","status":"passed","title":"calls tool_execute with pattern, flags and text","duration":145.42339999999967,"failureMessages":[],"meta":{},"tags":[]},{"ancestorTitles":["RegexTester"],"fullName":"RegexTester shows error alert when pattern is invalid","status":"passed","title":"shows error alert when pattern is invalid","duration":97.38159999999971,"failureMessages":[],"meta":{},"tags":[]}],"startTime":1786761278013,"endTime":1786761278632.3816,"status":"passed","message":"","name":"C:/Develop/project/00_AI/qraft/src/tools/RegexTester.test.tsx"},{"assertionResults":[{"ancestorTitles":["P0 工具 UI 注册集成测试"],"fullName":"P0 工具 UI 注册集成测试 registers all 10 P0 tool components","status":"passed","title":"registers all 10 P0 tool components","duration":1.0393999999996595,"failureMessages":[],"meta":{},"tags":[]},{"ancestorTitles":["P0 工具 UI 注册集成测试"],"fullName":"P0 工具 UI 注册集成测试 registers 10 distinct components","status":"passed","title":"registers 10 distinct components","duration":0.24890000000004875,"failureMessages":[],"meta":{},"tags":[]}],"startTime":1786761282419,"endTime":1786761282420.2488,"status":"passed","message":"","name":"C:/Develop/project/00_AI/qraft/src/tools/registry.integration.test.ts"},{"assertionResults":[{"ancestorTitles":["ToolRegistry (UI)"],"fullName":"ToolRegistry (UI) returns null for unknown tool id","status":"passed","title":"returns null for unknown tool id","duration":2.671900000000278,"failureMessages":[],"meta":{},"tags":[]},{"ancestorTitles":["ToolRegistry (UI)"],"fullName":"ToolRegistry (UI) returns a lazily loaded component by tool id","status":"passed","title":"returns a lazily loaded component by tool id","duration":354.8184000000001,"failureMessages":[],"meta":{},"tags":[]},{"ancestorTitles":["ToolRegistry (UI)"],"fullName":"ToolRegistry (UI) registerTool overwrites previous registration silently","status":"passed","title":"registerTool overwrites previous registration silently","duration":331.6983,"failureMessages":[],"meta":{},"tags":[]}],"startTime":1786761277157,"endTime":1786761277845.6982,"status":"passed","message":"","name":"C:/Develop/project/00_AI/qraft/src/tools/registry.test.tsx"},{"assertionResults":[{"ancestorTitles":["TextProcessor utilities"],"fullName":"TextProcessor utilities escapeText handles common control characters","status":"passed","title":"escapeText handles common control characters","duration":2.8423000000002503,"failureMessages":[],"meta":{},"tags":[]},{"ancestorTitles":["TextProcessor utilities"],"fullName":"TextProcessor utilities stripWhitespace removes spaces, tabs and newlines","status":"passed","title":"stripWhitespace removes spaces, tabs and newlines","duration":0.5907999999999447,"failureMessages":[],"meta":{},"tags":[]},{"ancestorTitles":["TextProcessor utilities"],"fullName":"TextProcessor utilities urlEncode / urlDecode roundtrip","status":"passed","title":"urlEncode / urlDecode roundtrip","duration":0.855399999999463,"failureMessages":[],"meta":{},"tags":[]},{"ancestorTitles":["TextProcessor utilities"],"fullName":"TextProcessor utilities unicodeToChinese decodes \\uXXXX escapes back to characters","status":"passed","title":"unicodeToChinese decodes \\uXXXX escapes back to characters","duration":0.5457999999998719,"failureMessages":[],"meta":{},"tags":[]},{"ancestorTitles":["TextProcessor utilities"],"fullName":"TextProcessor utilities chineseToUnicode encodes non-ASCII characters to \\uXXXX","status":"passed","title":"chineseToUnicode encodes non-ASCII characters to \\uXXXX","duration":0.37449999999989814,"failureMessages":[],"meta":{},"tags":[]},{"ancestorTitles":["TextProcessor utilities"],"fullName":"TextProcessor utilities chineseSymbolToEnglish replaces full-width punctuation","status":"passed","title":"chineseSymbolToEnglish replaces full-width punctuation","duration":0.38180000000011205,"failureMessages":[],"meta":{},"tags":[]},{"ancestorTitles":["TextProcessor component"],"fullName":"TextProcessor component renders an outer ButtonGroup with 4 nested ButtonGroup subgroups","status":"passed","title":"renders an outer ButtonGroup with 4 nested ButtonGroup subgroups","duration":110.53520000000026,"failureMessages":[],"meta":{},"tags":[]},{"ancestorTitles":["TextProcessor component"],"fullName":"TextProcessor component groups related transforms together (same group) and separates different ones","status":"passed","title":"groups related transforms together (same group) and separates different ones","duration":58.206199999999626,"failureMessages":[],"meta":{},"tags":[]},{"ancestorTitles":["TextProcessor component"],"fullName":"TextProcessor component does not place unrelated transforms in the same inner group","status":"passed","title":"does not place unrelated transforms in the same inner group","duration":26.344200000000455,"failureMessages":[],"meta":{},"tags":[]},{"ancestorTitles":["TextProcessor component"],"fullName":"TextProcessor component disables all buttons while input is empty","status":"passed","title":"disables all buttons while input is empty","duration":26.928900000000795,"failureMessages":[],"meta":{},"tags":[]},{"ancestorTitles":["TextProcessor component"],"fullName":"TextProcessor component escape button replaces input text with escaped result and mirrors output","status":"failed","title":"escape button replaces input text with escaped result and mirrors output","duration":65.55140000000029,"failureMessages":["AssertionError: expected 'a\\nb' to be 'a\\nb' // Object.is equality\n    at C:/Develop/project/00_AI/qraft/src/tools/TextProcessor.test.tsx:226:30\n    at file:///C:/Develop/project/00_AI/qraft/node_modules/.pnpm/@vitest+runner@4.1.10/node_modules/@vitest/runner/dist/chunk-artifact.js:302:11\n    at file:///C:/Develop/project/00_AI/qraft/node_modules/.pnpm/@vitest+runner@4.1.10/node_modules/@vitest/runner/dist/chunk-artifact.js:1903:26\n    at file:///C:/Develop/project/00_AI/qraft/node_modules/.pnpm/@vitest+runner@4.1.10/node_modules/@vitest/runner/dist/chunk-artifact.js:2326:20\n    at new Promise (<anonymous>)\n    at runWithCancel (file:///C:/Develop/project/00_AI/qraft/node_modules/.pnpm/@vitest+runner@4.1.10/node_modules/@vitest/runner/dist/chunk-artifact.js:2323:10)\n    at file:///C:/Develop/project/00_AI/qraft/node_modules/.pnpm/@vitest+runner@4.1.10/node_modules/@vitest/runner/dist/chunk-artifact.js:2305:20\n    at new Promise (<anonymous>)\n    at runWithTimeout (file:///C:/Develop/project/00_AI/qraft/node_modules/.pnpm/@vitest+runner@4.1.10/node_modules/@vitest/runner/dist/chunk-artifact.js:2272:10)\n    at file:///C:/Develop/project/00_AI/qraft/node_modules/.pnpm/@vitest+runner@4.1.10/node_modules/@vitest/runner/dist/chunk-artifact.js:2955:64"],"meta":{},"tags":[]},{"ancestorTitles":["TextProcessor component"],"fullName":"TextProcessor component stripWhitespace button removes all whitespace from input","status":"failed","title":"stripWhitespace button removes all whitespace from input","duration":48.39440000000013,"failureMessages":["AssertionError: expected '  hello\\n world\\t!  ' to be 'helloworld!' // Object.is equality\n    at C:/Develop/project/00_AI/qraft/src/tools/TextProcessor.test.tsx:237:30\n    at file:///C:/Develop/project/00_AI/qraft/node_modules/.pnpm/@vitest+runner@4.1.10/node_modules/@vitest/runner/dist/chunk-artifact.js:302:11\n    at file:///C:/Develop/project/00_AI/qraft/node_modules/.pnpm/@vitest+runner@4.1.10/node_modules/@vitest/runner/dist/chunk-artifact.js:1903:26\n    at file:///C:/Develop/project/00_AI/qraft/node_modules/.pnpm/@vitest+runner@4.1.10/node_modules/@vitest/runner/dist/chunk-artifact.js:2326:20\n    at new Promise (<anonymous>)\n    at runWithCancel (file:///C:/Develop/project/00_AI/qraft/node_modules/.pnpm/@vitest+runner@4.1.10/node_modules/@vitest/runner/dist/chunk-artifact.js:2323:10)\n    at file:///C:/Develop/project/00_AI/qraft/node_modules/.pnpm/@vitest+runner@4.1.10/node_modules/@vitest/runner/dist/chunk-artifact.js:2305:20\n    at new Promise (<anonymous>)\n    at runWithTimeout (file:///C:/Develop/project/00_AI/qraft/node_modules/.pnpm/@vitest+runner@4.1.10/node_modules/@vitest/runner/dist/chunk-artifact.js:2272:10)\n    at file:///C:/Develop/project/00_AI/qraft/node_modules/.pnpm/@vitest+runner@4.1.10/node_modules/@vitest/runner/dist/chunk-artifact.js:2955:64"],"meta":{},"tags":[]},{"ancestorTitles":["TextProcessor component"],"fullName":"TextProcessor component urlEncode then urlDecode roundtrips input","status":"failed","title":"urlEncode then urlDecode roundtrips input","duration":52.07120000000032,"failureMessages":["AssertionError: expected 'hi 你' to be 'hi%20%E4%BD%A0' // Object.is equality\n    at C:/Develop/project/00_AI/qraft/src/tools/TextProcessor.test.tsx:245:30\n    at file:///C:/Develop/project/00_AI/qraft/node_modules/.pnpm/@vitest+runner@4.1.10/node_modules/@vitest/runner/dist/chunk-artifact.js:302:11\n    at file:///C:/Develop/project/00_AI/qraft/node_modules/.pnpm/@vitest+runner@4.1.10/node_modules/@vitest/runner/dist/chunk-artifact.js:1903:26\n    at file:///C:/Develop/project/00_AI/qraft/node_modules/.pnpm/@vitest+runner@4.1.10/node_modules/@vitest/runner/dist/chunk-artifact.js:2326:20\n    at new Promise (<anonymous>)\n    at runWithCancel (file:///C:/Develop/project/00_AI/qraft/node_modules/.pnpm/@vitest+runner@4.1.10/node_modules/@vitest/runner/dist/chunk-artifact.js:2323:10)\n    at file:///C:/Develop/project/00_AI/qraft/node_modules/.pnpm/@vitest+runner@4.1.10/node_modules/@vitest/runner/dist/chunk-artifact.js:2305:20\n    at new Promise (<anonymous>)\n    at runWithTimeout (file:///C:/Develop/project/00_AI/qraft/node_modules/.pnpm/@vitest+runner@4.1.10/node_modules/@vitest/runner/dist/chunk-artifact.js:2272:10)\n    at file:///C:/Develop/project/00_AI/qraft/node_modules/.pnpm/@vitest+runner@4.1.10/node_modules/@vitest/runner/dist/chunk-artifact.js:2955:64"],"meta":{},"tags":[]},{"ancestorTitles":["TextProcessor component"],"fullName":"TextProcessor component chineseSymbolToEnglish button replaces punctuation in place","status":"failed","title":"chineseSymbolToEnglish button replaces punctuation in place","duration":36.54059999999936,"failureMessages":["AssertionError: expected '你好，世界。' to be '你好,世界.' // Object.is equality\n    at C:/Develop/project/00_AI/qraft/src/tools/TextProcessor.test.tsx:254:30\n    at file:///C:/Develop/project/00_AI/qraft/node_modules/.pnpm/@vitest+runner@4.1.10/node_modules/@vitest/runner/dist/chunk-artifact.js:302:11\n    at file:///C:/Develop/project/00_AI/qraft/node_modules/.pnpm/@vitest+runner@4.1.10/node_modules/@vitest/runner/dist/chunk-artifact.js:1903:26\n    at file:///C:/Develop/project/00_AI/qraft/node_modules/.pnpm/@vitest+runner@4.1.10/node_modules/@vitest/runner/dist/chunk-artifact.js:2326:20\n    at new Promise (<anonymous>)\n    at runWithCancel (file:///C:/Develop/project/00_AI/qraft/node_modules/.pnpm/@vitest+runner@4.1.10/node_modules/@vitest/runner/dist/chunk-artifact.js:2323:10)\n    at file:///C:/Develop/project/00_AI/qraft/node_modules/.pnpm/@vitest+runner@4.1.10/node_modules/@vitest/runner/dist/chunk-artifact.js:2305:20\n    at new Promise (<anonymous>)\n    at runWithTimeout (file:///C:/Develop/project/00_AI/qraft/node_modules/.pnpm/@vitest+runner@4.1.10/node_modules/@vitest/runner/dist/chunk-artifact.js:2272:10)\n    at file:///C:/Develop/project/00_AI/qraft/node_modules/.pnpm/@vitest+runner@4.1.10/node_modules/@vitest/runner/dist/chunk-artifact.js:2955:64"],"meta":{},"tags":[]},{"ancestorTitles":["TextProcessor component"],"fullName":"TextProcessor component chineseToUnicode then unicodeToChinese roundtrips input","status":"failed","title":"chineseToUnicode then unicodeToChinese roundtrips input","duration":39.32350000000042,"failureMessages":["AssertionError: expected '你好' to be '\\u4f60\\u597d' // Object.is equality\n    at C:/Develop/project/00_AI/qraft/src/tools/TextProcessor.test.tsx:262:30\n    at file:///C:/Develop/project/00_AI/qraft/node_modules/.pnpm/@vitest+runner@4.1.10/node_modules/@vitest/runner/dist/chunk-artifact.js:302:11\n    at file:///C:/Develop/project/00_AI/qraft/node_modules/.pnpm/@vitest+runner@4.1.10/node_modules/@vitest/runner/dist/chunk-artifact.js:1903:26\n    at file:///C:/Develop/project/00_AI/qraft/node_modules/.pnpm/@vitest+runner@4.1.10/node_modules/@vitest/runner/dist/chunk-artifact.js:2326:20\n    at new Promise (<anonymous>)\n    at runWithCancel (file:///C:/Develop/project/00_AI/qraft/node_modules/.pnpm/@vitest+runner@4.1.10/node_modules/@vitest/runner/dist/chunk-artifact.js:2323:10)\n    at file:///C:/Develop/project/00_AI/qraft/node_modules/.pnpm/@vitest+runner@4.1.10/node_modules/@vitest/runner/dist/chunk-artifact.js:2305:20\n    at new Promise (<anonymous>)\n    at runWithTimeout (file:///C:/Develop/project/00_AI/qraft/node_modules/.pnpm/@vitest+runner@4.1.10/node_modules/@vitest/runner/dist/chunk-artifact.js:2272:10)\n    at file:///C:/Develop/project/00_AI/qraft/node_modules/.pnpm/@vitest+runner@4.1.10/node_modules/@vitest/runner/dist/chunk-artifact.js:2955:64"],"meta":{},"tags":[]},{"ancestorTitles":["TextProcessor component"],"fullName":"TextProcessor component shows 0-character counts in both status bars when empty","status":"passed","title":"shows 0-character counts in both status bars when empty","duration":16.720299999999952,"failureMessages":[],"meta":{},"tags":[]},{"ancestorTitles":["TextProcessor component"],"fullName":"TextProcessor component places the char count inside the status bar, not the header","status":"passed","title":"places the char count inside the status bar, not the header","duration":19.880199999999604,"failureMessages":[],"meta":{},"tags":[]},{"ancestorTitles":["TextProcessor component"],"fullName":"TextProcessor component updates the input char count as the user types","status":"passed","title":"updates the input char count as the user types","duration":31.5012999999999,"failureMessages":[],"meta":{},"tags":[]},{"ancestorTitles":["TextProcessor component"],"fullName":"TextProcessor component counts by Unicode code points (emoji is a single char, not two)","status":"passed","title":"counts by Unicode code points (emoji is a single char, not two)","duration":39.724199999999655,"failureMessages":[],"meta":{},"tags":[]},{"ancestorTitles":["TextProcessor component"],"fullName":"TextProcessor component updates the output char count after a transform","status":"passed","title":"updates the output char count after a transform","duration":47.715400000000045,"failureMessages":[],"meta":{},"tags":[]},{"ancestorTitles":["TextProcessor component"],"fullName":"TextProcessor component renders a status bar at the bottom of each editor showing line/column","status":"passed","title":"renders a status bar at the bottom of each editor showing line/column","duration":22.86999999999989,"failureMessages":[],"meta":{},"tags":[]},{"ancestorTitles":["TextProcessor component"],"fullName":"TextProcessor component shows the selection count in the status bar when the input is non-empty","status":"passed","title":"shows the selection count in the status bar when the input is non-empty","duration":45.68159999999989,"failureMessages":[],"meta":{},"tags":[]}],"startTime":1786761271851,"endTime":1786761272545.6816,"status":"failed","message":"","name":"C:/Develop/project/00_AI/qraft/src/tools/TextProcessor.test.tsx"},{"assertionResults":[{"ancestorTitles":["TimestampConverter"],"fullName":"TimestampConverter renders input, timezone select and convert button","status":"passed","title":"renders input, timezone select and convert button","duration":485.0106999999998,"failureMessages":[],"meta":{},"tags":[]},{"ancestorTitles":["TimestampConverter"],"fullName":"TimestampConverter calls tool_execute with text and default UTC timezone","status":"passed","title":"calls tool_execute with text and default UTC timezone","duration":203.65170000000035,"failureMessages":[],"meta":{},"tags":[]},{"ancestorTitles":["TimestampConverter"],"fullName":"TimestampConverter shows error alert when input is unparseable","status":"passed","title":"shows error alert when input is unparseable","duration":162.84240000000045,"failureMessages":[],"meta":{},"tags":[]}],"startTime":1786761272366,"endTime":1786761273217.8423,"status":"passed","message":"","name":"C:/Develop/project/00_AI/qraft/src/tools/TimestampConverter.test.tsx"},{"assertionResults":[{"ancestorTitles":["UrlCodec"],"fullName":"UrlCodec renders input, output, action select and component switch","status":"passed","title":"renders input, output, action select and component switch","duration":354.28079999999954,"failureMessages":[],"meta":{},"tags":[]},{"ancestorTitles":["UrlCodec"],"fullName":"UrlCodec calls tool_execute with action=encode, component=false by default","status":"passed","title":"calls tool_execute with action=encode, component=false by default","duration":200.11340000000018,"failureMessages":[],"meta":{},"tags":[]},{"ancestorTitles":["UrlCodec"],"fullName":"UrlCodec shows error alert when invoke fails with ParseFailed","status":"passed","title":"shows error alert when invoke fails with ParseFailed","duration":187.34340000000066,"failureMessages":[],"meta":{},"tags":[]}],"startTime":1786761278440,"endTime":1786761279181.3435,"status":"passed","message":"","name":"C:/Develop/project/00_AI/qraft/src/tools/UrlCodec.test.tsx"},{"assertionResults":[{"ancestorTitles":["UuidGenerator"],"fullName":"UuidGenerator renders version select, count input, switches and generate button","status":"passed","title":"renders version select, count input, switches and generate button","duration":405.8045000000002,"failureMessages":[],"meta":{},"tags":[]},{"ancestorTitles":["UuidGenerator"],"fullName":"UuidGenerator calls tool_execute with default v4 + count=1","status":"passed","title":"calls tool_execute with default v4 + count=1","duration":175.6854000000003,"failureMessages":[],"meta":{},"tags":[]},{"ancestorTitles":["UuidGenerator"],"fullName":"UuidGenerator displays generated UUIDs in output area","status":"passed","title":"displays generated UUIDs in output area","duration":178.78279999999995,"failureMessages":[],"meta":{},"tags":[]}],"startTime":1786761272487,"endTime":1786761273247.7827,"status":"passed","message":"","name":"C:/Develop/project/00_AI/qraft/src/tools/UuidGenerator.test.tsx"},{"assertionResults":[{"ancestorTitles":["tool types"],"fullName":"tool types ToolInput allows text-only payload","status":"passed","title":"ToolInput allows text-only payload","duration":1.7069000000001324,"failureMessages":[],"meta":{},"tags":[]},{"ancestorTitles":["tool types"],"fullName":"tool types ToolOutput alerts are optional","status":"passed","title":"ToolOutput alerts are optional","duration":0.42219999999997526,"failureMessages":[],"meta":{},"tags":[]},{"ancestorTitles":["tool types"],"fullName":"tool types ToolCategory includes formatter/encoder","status":"passed","title":"ToolCategory includes formatter/encoder","duration":1.1433000000001812,"failureMessages":[],"meta":{},"tags":[]},{"ancestorTitles":["config types"],"fullName":"config types ThemeMode has dark/light/system","status":"passed","title":"ThemeMode has dark/light/system","duration":0.23999999999978172,"failureMessages":[],"meta":{},"tags":[]},{"ancestorTitles":["config types"],"fullName":"config types ShortcutBinding has all 11 keys","status":"passed","title":"ShortcutBinding has all 11 keys","duration":0.5316000000002532,"failureMessages":[],"meta":{},"tags":[]},{"ancestorTitles":["ipc types"],"fullName":"ipc types CommandResponse success carries data","status":"passed","title":"CommandResponse success carries data","duration":0.19219999999995707,"failureMessages":[],"meta":{},"tags":[]},{"ancestorTitles":["ipc types"],"fullName":"ipc types CommandResponse failure carries error","status":"passed","title":"CommandResponse failure carries error","duration":0.18240000000014334,"failureMessages":[],"meta":{},"tags":[]}],"startTime":1786761282310,"endTime":1786761282315.1921,"status":"passed","message":"","name":"C:/Develop/project/00_AI/qraft/src/types/types.test.ts"},{"assertionResults":[{"ancestorTitles":["useEditorWorkspaceStore.hydrate"],"fullName":"useEditorWorkspaceStore.hydrate restores workspace from config_get when data exists","status":"passed","title":"restores workspace from config_get when data exists","duration":5.297199999999975,"failureMessages":[],"meta":{},"tags":[]},{"ancestorTitles":["useEditorWorkspaceStore.hydrate"],"fullName":"useEditorWorkspaceStore.hydrate falls back to empty workspace when config_get returns null","status":"passed","title":"falls back to empty workspace when config_get returns null","duration":0.9271999999996297,"failureMessages":[],"meta":{},"tags":[]},{"ancestorTitles":["useEditorWorkspaceStore.hydrate"],"fullName":"useEditorWorkspaceStore.hydrate handles malformed workspace data without crashing","status":"passed","title":"handles malformed workspace data without crashing","duration":0.6882999999997992,"failureMessages":[],"meta":{},"tags":[]},{"ancestorTitles":["useEditorWorkspaceStore.hydrate"],"fullName":"useEditorWorkspaceStore.hydrate preserves user actions (e.g. closeAllTabs) taken before hydrate finishes","status":"passed","title":"preserves user actions (e.g. closeAllTabs) taken before hydrate finishes","duration":0.6060999999999694,"failureMessages":[],"meta":{},"tags":[]},{"ancestorTitles":["useEditorWorkspaceStore.hydrate"],"fullName":"useEditorWorkspaceStore.hydrate is a no-op after already hydrated","status":"passed","title":"is a no-op after already hydrated","duration":0.5723000000002685,"failureMessages":[],"meta":{},"tags":[]},{"ancestorTitles":["useEditorWorkspaceStore.openLocalFile"],"fullName":"useEditorWorkspaceStore.openLocalFile opens a new file with inferred language and marks it active","status":"passed","title":"opens a new file with inferred language and marks it active","duration":1.5493000000001302,"failureMessages":[],"meta":{},"tags":[]},{"ancestorTitles":["useEditorWorkspaceStore.openLocalFile"],"fullName":"useEditorWorkspaceStore.openLocalFile activates an existing tab when the same path is opened again","status":"passed","title":"activates an existing tab when the same path is opened again","duration":0.8557999999998174,"failureMessages":[],"meta":{},"tags":[]},{"ancestorTitles":["useEditorWorkspaceStore.newBlankTab"],"fullName":"useEditorWorkspaceStore.newBlankTab creates untitled tabs with increasing sequence","status":"passed","title":"creates untitled tabs with increasing sequence","duration":0.9131999999999607,"failureMessages":[],"meta":{},"tags":[]},{"ancestorTitles":["useEditorWorkspaceStore.newBlankTab"],"fullName":"useEditorWorkspaceStore.newBlankTab skips to the next free sequence when untitled titles already exist","status":"passed","title":"skips to the next free sequence when untitled titles already exist","duration":0.50879999999961,"failureMessages":[],"meta":{},"tags":[]},{"ancestorTitles":["useEditorWorkspaceStore.closeTab"],"fullName":"useEditorWorkspaceStore.closeTab moves activation to the right neighbor when closing active tab","status":"passed","title":"moves activation to the right neighbor when closing active tab","duration":0.6140999999997803,"failureMessages":[],"meta":{},"tags":[]},{"ancestorTitles":["useEditorWorkspaceStore.closeTab"],"fullName":"useEditorWorkspaceStore.closeTab falls back to left neighbor when closing the last tab","status":"passed","title":"falls back to left neighbor when closing the last tab","duration":0.2723000000000866,"failureMessages":[],"meta":{},"tags":[]},{"ancestorTitles":["useEditorWorkspaceStore.closeTab"],"fullName":"useEditorWorkspaceStore.closeTab sets activeTabId to null when closing the only tab","status":"passed","title":"sets activeTabId to null when closing the only tab","duration":0.2422999999998865,"failureMessages":[],"meta":{},"tags":[]},{"ancestorTitles":["useEditorWorkspaceStore content & dirty"],"fullName":"useEditorWorkspaceStore content & dirty setTabContent updates content but keeps savedContent (dirty)","status":"passed","title":"setTabContent updates content but keeps savedContent (dirty)","duration":0.2602999999999156,"failureMessages":[],"meta":{},"tags":[]},{"ancestorTitles":["useEditorWorkspaceStore content & dirty"],"fullName":"useEditorWorkspaceStore content & dirty markSaved binds path and clears dirty","status":"passed","title":"markSaved binds path and clears dirty","duration":0.2703000000001339,"failureMessages":[],"meta":{},"tags":[]},{"ancestorTitles":["useEditorWorkspaceStore content & dirty"],"fullName":"useEditorWorkspaceStore content & dirty setTabLanguage updates the language","status":"passed","title":"setTabLanguage updates the language","duration":0.19439999999985957,"failureMessages":[],"meta":{},"tags":[]},{"ancestorTitles":["useEditorWorkspaceStore.closeAllTabs & toggle"],"fullName":"useEditorWorkspaceStore.closeAllTabs & toggle closeAllTabs empties the workspace","status":"passed","title":"closeAllTabs empties the workspace","duration":0.24099999999998545,"failureMessages":[],"meta":{},"tags":[]},{"ancestorTitles":["useEditorWorkspaceStore.closeAllTabs & toggle"],"fullName":"useEditorWorkspaceStore.closeAllTabs & toggle toggleLeftSidebar flips visibility","status":"passed","title":"toggleLeftSidebar flips visibility","duration":0.17669999999998254,"failureMessages":[],"meta":{},"tags":[]},{"ancestorTitles":["useEditorWorkspaceStore.closeAllTabs & toggle"],"fullName":"useEditorWorkspaceStore.closeAllTabs & toggle setSidebarWidth updates and persists the left panel width","status":"passed","title":"setSidebarWidth updates and persists the left panel width","duration":0.17009999999982028,"failureMessages":[],"meta":{},"tags":[]},{"ancestorTitles":["useEditorWorkspaceStore.pinned tabs"],"fullName":"useEditorWorkspaceStore.pinned tabs hydrates legacy data without pinned field to pinned=false","status":"passed","title":"hydrates legacy data without pinned field to pinned=false","duration":0.2076999999999316,"failureMessages":[],"meta":{},"tags":[]},{"ancestorTitles":["useEditorWorkspaceStore.pinned tabs"],"fullName":"useEditorWorkspaceStore.pinned tabs togglePinTab flips the pinned state","status":"passed","title":"togglePinTab flips the pinned state","duration":0.2982999999999265,"failureMessages":[],"meta":{},"tags":[]},{"ancestorTitles":["useEditorWorkspaceStore.pinned tabs"],"fullName":"useEditorWorkspaceStore.pinned tabs closeOtherTabs closes all unpinned tabs except the target","status":"passed","title":"closeOtherTabs closes all unpinned tabs except the target","duration":0.30369999999993524,"failureMessages":[],"meta":{},"tags":[]},{"ancestorTitles":["useEditorWorkspaceStore.pinned tabs"],"fullName":"useEditorWorkspaceStore.pinned tabs closeRightTabs closes tabs to the right, keeping pinned ones","status":"passed","title":"closeRightTabs closes tabs to the right, keeping pinned ones","duration":0.2923999999998159,"failureMessages":[],"meta":{},"tags":[]},{"ancestorTitles":["useEditorWorkspaceStore.pinned tabs"],"fullName":"useEditorWorkspaceStore.pinned tabs closeSavedTabs closes only clean unpinned tabs","status":"passed","title":"closeSavedTabs closes only clean unpinned tabs","duration":0.3144999999999527,"failureMessages":[],"meta":{},"tags":[]},{"ancestorTitles":["useEditorWorkspaceStore.pinned tabs"],"fullName":"useEditorWorkspaceStore.pinned tabs closeAllTabs keeps pinned tabs and activates one of them","status":"passed","title":"closeAllTabs keeps pinned tabs and activates one of them","duration":0.2768999999998414,"failureMessages":[],"meta":{},"tags":[]},{"ancestorTitles":["useEditorWorkspaceStore.persist"],"fullName":"useEditorWorkspaceStore.persist writes workspace via config_set","status":"passed","title":"writes workspace via config_set","duration":1.9231999999997242,"failureMessages":[],"meta":{},"tags":[]},{"ancestorTitles":["useEditorWorkspaceStore.persist"],"fullName":"useEditorWorkspaceStore.persist does nothing before hydrate (ready=false) to avoid overwriting stored data","status":"passed","title":"does nothing before hydrate (ready=false) to avoid overwriting stored data","duration":0.3299000000001797,"failureMessages":[],"meta":{},"tags":[]}],"startTime":1786761281680,"endTime":1786761281700.3298,"status":"passed","message":"","name":"C:/Develop/project/00_AI/qraft/src/tools/code-editor-workspace/useEditorWorkspaceStore.test.ts"},{"assertionResults":[{"ancestorTitles":["Titlebar"],"fullName":"Titlebar shows the current tool icon + name on the left in tool view","status":"passed","title":"shows the current tool icon + name on the left in tool view","duration":95.54710000000068,"failureMessages":[],"meta":{},"tags":[]},{"ancestorTitles":["Titlebar"],"fullName":"Titlebar hides the tool title on non-tool views (e.g. welcome)","status":"passed","title":"hides the tool title on non-tool views (e.g. welcome)","duration":7.468700000000354,"failureMessages":[],"meta":{},"tags":[]},{"ancestorTitles":["Titlebar"],"fullName":"Titlebar shows the tool description in a tooltip when hovering the tool title","status":"passed","title":"shows the tool description in a tooltip when hovering the tool title","duration":933.4049999999997,"failureMessages":[],"meta":{},"tags":[]}],"startTime":1786761272015,"endTime":1786761273051.405,"status":"passed","message":"","name":"C:/Develop/project/00_AI/qraft/src/components/layout/Titlebar.test.tsx"},{"assertionResults":[{"ancestorTitles":["ButtonGroup (shadcn implementation)"],"fullName":"ButtonGroup (shadcn implementation) renders a group with role=group and data-slot","status":"passed","title":"renders a group with role=group and data-slot","duration":77.3721999999998,"failureMessages":[],"meta":{},"tags":[]},{"ancestorTitles":["ButtonGroup (shadcn implementation)"],"fullName":"ButtonGroup (shadcn implementation) Button emits data-slot=\"button\" so group selectors can match","status":"passed","title":"Button emits data-slot=\"button\" so group selectors can match","duration":165.14439999999968,"failureMessages":[],"meta":{},"tags":[]},{"ancestorTitles":["ButtonGroup (shadcn implementation)"],"fullName":"ButtonGroup (shadcn implementation) single-level group keeps rounded corners on first/last buttons via group classes","status":"passed","title":"single-level group keeps rounded corners on first/last buttons via group classes","duration":6.34479999999985,"failureMessages":[],"meta":{},"tags":[]},{"ancestorTitles":["ButtonGroup (shadcn implementation)"],"fullName":"ButtonGroup (shadcn implementation) nested ButtonGroups get gap-2 spacing class on the outer container","status":"passed","title":"nested ButtonGroups get gap-2 spacing class on the outer container","duration":5.929399999999987,"failureMessages":[],"meta":{},"tags":[]},{"ancestorTitles":["ButtonGroup (shadcn implementation)"],"fullName":"ButtonGroup (shadcn implementation) renders Separator and Text sub-components","status":"passed","title":"renders Separator and Text sub-components","duration":7.064499999999953,"failureMessages":[],"meta":{},"tags":[]}],"startTime":1786761278769,"endTime":1786761279031.0645,"status":"passed","message":"","name":"C:/Develop/project/00_AI/qraft/src/components/ui/button-group.test.tsx"}]}