{"numTotalTestSuites":81,"numPassedTestSuites":81,"numFailedTestSuites":0,"numPendingTestSuites":0,"numTotalTests":149,"numPassedTests":149,"numFailedTests":0,"numPendingTests":0,"numTodoTests":0,"snapshot":{"added":0,"failure":false,"filesAdded":0,"filesRemoved":0,"filesRemovedList":[],"filesUnmatched":0,"filesUpdated":0,"matched":0,"total":0,"unchecked":0,"uncheckedKeysByFile":[],"unmatched":0,"updated":0,"didUpdate":false},"startTime":1786416063097,"success":true,"testResults":[{"assertionResults":[{"ancestorTitles":["App"],"fullName":"App renders SideNav with tool groups after mount","status":"passed","title":"renders SideNav with tool groups after mount","duration":493.2556000000004,"failureMessages":[],"meta":{},"tags":[]},{"ancestorTitles":["App"],"fullName":"App clicking a tool switches main area to ToolPanel","status":"passed","title":"clicking a tool switches main area to ToolPanel","duration":850.2101999999995,"failureMessages":[],"meta":{},"tags":[]},{"ancestorTitles":["App"],"fullName":"App Ctrl+K opens CommandPalette","status":"passed","title":"Ctrl+K opens CommandPalette","duration":295.70750000000044,"failureMessages":[],"meta":{},"tags":[]}],"startTime":1786416075082,"endTime":1786416076721.7075,"status":"passed","message":"","name":"C:/Develop/project/00_AI/qraft/src/App.test.tsx"},{"assertionResults":[{"ancestorTitles":["smoke: SideNav 显示工具分组"],"fullName":"smoke: SideNav 显示工具分组 渲染工具分类分组标题","status":"passed","title":"渲染工具分类分组标题","duration":479.1075000000001,"failureMessages":[],"meta":{},"tags":[]},{"ancestorTitles":["smoke: SideNav 显示工具分组"],"fullName":"smoke: SideNav 显示工具分组 展开分组后工具渲染为按钮","status":"passed","title":"展开分组后工具渲染为按钮","duration":674.783300000001,"failureMessages":[],"meta":{},"tags":[]},{"ancestorTitles":["smoke: 点击工具切换 ToolPanel"],"fullName":"smoke: 点击工具切换 ToolPanel 点击工具后主区域显示该工具名","status":"passed","title":"点击工具后主区域显示该工具名","duration":423.7678999999989,"failureMessages":[],"meta":{},"tags":[]},{"ancestorTitles":["smoke: 点击工具切换 ToolPanel"],"fullName":"smoke: 点击工具切换 ToolPanel 切换工具后 currentToolId 更新","status":"passed","title":"切换工具后 currentToolId 更新","duration":388.16339999999946,"failureMessages":[],"meta":{},"tags":[]},{"ancestorTitles":["smoke: Ctrl+K 打开 CommandPalette"],"fullName":"smoke: Ctrl+K 打开 CommandPalette 按 Ctrl+K 出现 dialog,Esc 关闭","status":"passed","title":"按 Ctrl+K 出现 dialog,Esc 关闭","duration":569.7398000000012,"failureMessages":[],"meta":{},"tags":[]},{"ancestorTitles":["smoke: Ctrl+K 打开 CommandPalette"],"fullName":"smoke: Ctrl+K 打开 CommandPalette 命令面板中输入 base64 后显示相关工具","status":"passed","title":"命令面板中输入 base64 后显示相关工具","duration":604.3221000000012,"failureMessages":[],"meta":{},"tags":[]}],"startTime":1786416075093,"endTime":1786416078234.322,"status":"passed","message":"","name":"C:/Develop/project/00_AI/qraft/src/integration.smoke.test.tsx"},{"assertionResults":[{"ancestorTitles":["CommandPalette"],"fullName":"CommandPalette does not render dialog when closed","status":"passed","title":"does not render dialog when closed","duration":71.2493999999997,"failureMessages":[],"meta":{},"tags":[]},{"ancestorTitles":["CommandPalette"],"fullName":"CommandPalette renders tool list when open","status":"passed","title":"renders tool list when open","duration":654.8037999999997,"failureMessages":[],"meta":{},"tags":[]},{"ancestorTitles":["CommandPalette"],"fullName":"CommandPalette filters tools by search query","status":"passed","title":"filters tools by search query","duration":526.1884,"failureMessages":[],"meta":{},"tags":[]},{"ancestorTitles":["CommandPalette"],"fullName":"CommandPalette selecting a tool selects the tool and closes the palette","status":"passed","title":"selecting a tool selects the tool and closes the palette","duration":415.59799999999996,"failureMessages":[],"meta":{},"tags":[]}],"startTime":1786416067949,"endTime":1786416069617.598,"status":"passed","message":"","name":"C:/Develop/project/00_AI/qraft/src/components/CommandPalette.test.tsx"},{"assertionResults":[{"ancestorTitles":["ErrorBoundary"],"fullName":"ErrorBoundary renders children when no error","status":"passed","title":"renders children when no error","duration":45.60310000000027,"failureMessages":[],"meta":{},"tags":[]},{"ancestorTitles":["ErrorBoundary"],"fullName":"ErrorBoundary renders fallback UI when child throws","status":"passed","title":"renders fallback UI when child throws","duration":213.07620000000043,"failureMessages":[],"meta":{},"tags":[]},{"ancestorTitles":["ErrorBoundary"],"fullName":"ErrorBoundary shows toast.error on error","status":"passed","title":"shows toast.error on error","duration":7.607299999999668,"failureMessages":[],"meta":{},"tags":[]},{"ancestorTitles":["ErrorBoundary"],"fullName":"ErrorBoundary copy error button writes to clipboard","status":"passed","title":"copy error button writes to clipboard","duration":110.28160000000025,"failureMessages":[],"meta":{},"tags":[]}],"startTime":1786416067850,"endTime":1786416068227.2815,"status":"passed","message":"","name":"C:/Develop/project/00_AI/qraft/src/components/ErrorBoundary.test.tsx"},{"assertionResults":[{"ancestorTitles":["HistoryPanel"],"fullName":"HistoryPanel renders history entries with tool id and preview","status":"passed","title":"renders history entries with tool id and preview","duration":104.08469999999943,"failureMessages":[],"meta":{},"tags":[]},{"ancestorTitles":["HistoryPanel"],"fullName":"HistoryPanel clicking an entry calls onSelect with entry","status":"passed","title":"clicking an entry calls onSelect with entry","duration":235.57769999999982,"failureMessages":[],"meta":{},"tags":[]},{"ancestorTitles":["HistoryPanel"],"fullName":"HistoryPanel clear button calls history_clear via store","status":"passed","title":"clear button calls history_clear via store","duration":90.41939999999977,"failureMessages":[],"meta":{},"tags":[]},{"ancestorTitles":["HistoryPanel"],"fullName":"HistoryPanel shows empty state when no entries","status":"passed","title":"shows empty state when no entries","duration":12.800499999999374,"failureMessages":[],"meta":{},"tags":[]}],"startTime":1786416074785,"endTime":1786416075228.8005,"status":"passed","message":"","name":"C:/Develop/project/00_AI/qraft/src/components/HistoryPanel.test.tsx"},{"assertionResults":[{"ancestorTitles":["Logo"],"fullName":"Logo renders an SVG with the toolbox viewBox and currentColor fill","status":"passed","title":"renders an SVG with the toolbox viewBox and currentColor fill","duration":41.08060000000023,"failureMessages":[],"meta":{},"tags":[]},{"ancestorTitles":["Logo"],"fullName":"Logo is decorative via aria-hidden","status":"passed","title":"is decorative via aria-hidden","duration":4.9121000000000095,"failureMessages":[],"meta":{},"tags":[]},{"ancestorTitles":["Logo"],"fullName":"Logo renders two toolbox paths (body + keyhole)","status":"passed","title":"renders two toolbox paths (body + keyhole)","duration":6.462100000000191,"failureMessages":[],"meta":{},"tags":[]},{"ancestorTitles":["Logo"],"fullName":"Logo passes className through to the svg element","status":"passed","title":"passes className through to the svg element","duration":6.588600000000042,"failureMessages":[],"meta":{},"tags":[]}],"startTime":1786416072646,"endTime":1786416072705.5886,"status":"passed","message":"","name":"C:/Develop/project/00_AI/qraft/src/components/Logo.test.tsx"},{"assertionResults":[{"ancestorTitles":["SettingsDialog"],"fullName":"SettingsDialog shows left menu and theme content by default","status":"passed","title":"shows left menu and theme content by default","duration":1116.7383,"failureMessages":[],"meta":{},"tags":[]},{"ancestorTitles":["SettingsDialog"],"fullName":"SettingsDialog switches content when clicking a menu item","status":"passed","title":"switches content when clicking a menu item","duration":765.866,"failureMessages":[],"meta":{},"tags":[]},{"ancestorTitles":["SettingsDialog"],"fullName":"SettingsDialog calls onOpenChange(false) when clicking close button","status":"passed","title":"calls onOpenChange(false) when clicking close button","duration":375.46500000000015,"failureMessages":[],"meta":{},"tags":[]},{"ancestorTitles":["SettingsDialog"],"fullName":"SettingsDialog drags the dialog via the title bar","status":"passed","title":"drags the dialog via the title bar","duration":123.53510000000006,"failureMessages":[],"meta":{},"tags":[]}],"startTime":1786416068892,"endTime":1786416071273.5352,"status":"passed","message":"","name":"C:/Develop/project/00_AI/qraft/src/components/SettingsDialog.test.tsx"},{"assertionResults":[{"ancestorTitles":["SettingsPanel"],"fullName":"SettingsPanel renders theme section and form fields from current config","status":"passed","title":"renders theme section and form fields from current config","duration":434.7402999999995,"failureMessages":[],"meta":{},"tags":[]},{"ancestorTitles":["SettingsPanel"],"fullName":"SettingsPanel renders without crashing when config lacks toolPrefs (legacy persisted config)","status":"passed","title":"renders without crashing when config lacks toolPrefs (legacy persisted config)","duration":204.3822,"failureMessages":[],"meta":{},"tags":[]},{"ancestorTitles":["SettingsPanel"],"fullName":"SettingsPanel shows validation error when max history is negative","status":"passed","title":"shows validation error when max history is negative","duration":514.6983,"failureMessages":[],"meta":{},"tags":[]},{"ancestorTitles":["SettingsPanel"],"fullName":"SettingsPanel clicking save calls setConfig with changed values","status":"passed","title":"clicking save calls setConfig with changed values","duration":774.9445999999998,"failureMessages":[],"meta":{},"tags":[]},{"ancestorTitles":["SettingsPanel"],"fullName":"SettingsPanel does not call setConfig when form invalid","status":"passed","title":"does not call setConfig when form invalid","duration":538.3548000000001,"failureMessages":[],"meta":{},"tags":[]}],"startTime":1786416068814,"endTime":1786416071281.3547,"status":"passed","message":"","name":"C:/Develop/project/00_AI/qraft/src/components/SettingsPanel.test.tsx"},{"assertionResults":[{"ancestorTitles":["SideNav"],"fullName":"SideNav renders groups by category with headings","status":"passed","title":"renders groups by category with headings","duration":390.22399999999925,"failureMessages":[],"meta":{},"tags":[]},{"ancestorTitles":["SideNav"],"fullName":"SideNav clicking a tool calls selectTool","status":"passed","title":"clicking a tool calls selectTool","duration":173.61340000000018,"failureMessages":[],"meta":{},"tags":[]},{"ancestorTitles":["SideNav"],"fullName":"SideNav highlights current tool via aria-current","status":"passed","title":"highlights current tool via aria-current","duration":78.26659999999993,"failureMessages":[],"meta":{},"tags":[]},{"ancestorTitles":["SideNav"],"fullName":"SideNav ArrowDown moves focus to next tool","status":"passed","title":"ArrowDown moves focus to next tool","duration":112.15530000000035,"failureMessages":[],"meta":{},"tags":[]}],"startTime":1786416068057,"endTime":1786416068811.1553,"status":"passed","message":"","name":"C:/Develop/project/00_AI/qraft/src/components/SideNav.test.tsx"},{"assertionResults":[{"ancestorTitles":["ToolPanel"],"fullName":"ToolPanel renders tool name in header","status":"passed","title":"renders tool name in header","duration":318.71609999999964,"failureMessages":[],"meta":{},"tags":[]},{"ancestorTitles":["ToolPanel"],"fullName":"ToolPanel mounts the registered tool component for toolId","status":"passed","title":"mounts the registered tool component for toolId","duration":75.04789999999957,"failureMessages":[],"meta":{},"tags":[]},{"ancestorTitles":["ToolPanel"],"fullName":"ToolPanel renders alerts when provided","status":"passed","title":"renders alerts when provided","duration":64.19140000000061,"failureMessages":[],"meta":{},"tags":[]},{"ancestorTitles":["ToolPanel"],"fullName":"ToolPanel renders empty state when toolId not found","status":"passed","title":"renders empty state when toolId not found","duration":3.316200000000208,"failureMessages":[],"meta":{},"tags":[]}],"startTime":1786416074454,"endTime":1786416074915.3162,"status":"passed","message":"","name":"C:/Develop/project/00_AI/qraft/src/components/ToolPanel.test.tsx"},{"assertionResults":[{"ancestorTitles":["useClipboard"],"fullName":"useClipboard read returns text on success","status":"passed","title":"read returns text on success","duration":25.46979999999985,"failureMessages":[],"meta":{},"tags":[]},{"ancestorTitles":["useClipboard"],"fullName":"useClipboard read returns empty string on failure","status":"passed","title":"read returns empty string on failure","duration":3.21349999999984,"failureMessages":[],"meta":{},"tags":[]},{"ancestorTitles":["useClipboard"],"fullName":"useClipboard write calls clipboard_write_text with text","status":"passed","title":"write calls clipboard_write_text with text","duration":4.068299999999908,"failureMessages":[],"meta":{},"tags":[]},{"ancestorTitles":["useClipboard"],"fullName":"useClipboard canRead flag defaults to true","status":"passed","title":"canRead flag defaults to true","duration":2.77579999999989,"failureMessages":[],"meta":{},"tags":[]}],"startTime":1786416073043,"endTime":1786416073078.776,"status":"passed","message":"","name":"C:/Develop/project/00_AI/qraft/src/hooks/useClipboard.test.ts"},{"assertionResults":[{"ancestorTitles":["useTool"],"fullName":"useTool returns metadata from store by toolId","status":"passed","title":"returns metadata from store by toolId","duration":30.91130000000021,"failureMessages":[],"meta":{},"tags":[]},{"ancestorTitles":["useTool"],"fullName":"useTool execute invokes tool_execute and stores result","status":"passed","title":"execute invokes tool_execute and stores result","duration":7.034100000000308,"failureMessages":[],"meta":{},"tags":[]},{"ancestorTitles":["useTool"],"fullName":"useTool execute sets error when response fails","status":"passed","title":"execute sets error when response fails","duration":4.57549999999992,"failureMessages":[],"meta":{},"tags":[]},{"ancestorTitles":["useTool"],"fullName":"useTool cancels running task on unmount","status":"passed","title":"cancels running task on unmount","duration":5.453700000000026,"failureMessages":[],"meta":{},"tags":[]}],"startTime":1786416072941,"endTime":1786416072989.4536,"status":"passed","message":"","name":"C:/Develop/project/00_AI/qraft/src/hooks/useTool.test.tsx"},{"assertionResults":[{"ancestorTitles":["globals.css 主题系统(Tailwind v4 + OKLCH + data-palette)"],"fullName":"globals.css 主题系统(Tailwind v4 + OKLCH + data-palette) 使用 Tailwind v4 入口与 dark 自定义变体","status":"passed","title":"使用 Tailwind v4 入口与 dark 自定义变体","duration":3.0779999999999745,"failureMessages":[],"meta":{},"tags":[]},{"ancestorTitles":["globals.css 主题系统(Tailwind v4 + OKLCH + data-palette)"],"fullName":"globals.css 主题系统(Tailwind v4 + OKLCH + data-palette) 默认 :root 提供亮色基底(OKLCH)","status":"passed","title":"默认 :root 提供亮色基底(OKLCH)","duration":1.1392000000000735,"failureMessages":[],"meta":{},"tags":[]},{"ancestorTitles":["globals.css 主题系统(Tailwind v4 + OKLCH + data-palette)"],"fullName":"globals.css 主题系统(Tailwind v4 + OKLCH + data-palette) 定义 5 套预设主题 + 自定义主题的 data-palette 选择器","status":"passed","title":"定义 5 套预设主题 + 自定义主题的 data-palette 选择器","duration":0.9832999999998719,"failureMessages":[],"meta":{},"tags":[]},{"ancestorTitles":["globals.css 主题系统(Tailwind v4 + OKLCH + data-palette)"],"fullName":"globals.css 主题系统(Tailwind v4 + OKLCH + data-palette) 使用 @theme inline 映射 CSS 变量到 Tailwind utility","status":"passed","title":"使用 @theme inline 映射 CSS 变量到 Tailwind utility","duration":1.092200000000048,"failureMessages":[],"meta":{},"tags":[]},{"ancestorTitles":["globals.css 主题系统(Tailwind v4 + OKLCH + data-palette)"],"fullName":"globals.css 主题系统(Tailwind v4 + OKLCH + data-palette) 深色主题启用 color-scheme: dark","status":"passed","title":"深色主题启用 color-scheme: dark","duration":0.8238999999998668,"failureMessages":[],"meta":{},"tags":[]},{"ancestorTitles":["globals.css 主题系统(Tailwind v4 + OKLCH + data-palette)"],"fullName":"globals.css 主题系统(Tailwind v4 + OKLCH + data-palette) 提供圆角令牌与字体回退","status":"passed","title":"提供圆角令牌与字体回退","duration":0.6484999999997854,"failureMessages":[],"meta":{},"tags":[]}],"startTime":1786416074294,"endTime":1786416074301.824,"status":"passed","message":"","name":"C:/Develop/project/00_AI/qraft/src/styles/globals.test.ts"},{"assertionResults":[{"ancestorTitles":["configStore.loadConfig"],"fullName":"configStore.loadConfig sets config from config_get_all success response","status":"passed","title":"sets config from config_get_all success response","duration":3.2174999999997453,"failureMessages":[],"meta":{},"tags":[]},{"ancestorTitles":["configStore.loadConfig"],"fullName":"configStore.loadConfig sets error message when response.success is false","status":"passed","title":"sets error message when response.success is false","duration":0.6703999999999724,"failureMessages":[],"meta":{},"tags":[]},{"ancestorTitles":["configStore.loadConfig"],"fullName":"configStore.loadConfig sets error when invoke throws","status":"passed","title":"sets error when invoke throws","duration":0.7445999999999913,"failureMessages":[],"meta":{},"tags":[]},{"ancestorTitles":["configStore.setConfig"],"fullName":"configStore.setConfig calls config_set with key and value","status":"passed","title":"calls config_set with key and value","duration":2.30580000000009,"failureMessages":[],"meta":{},"tags":[]},{"ancestorTitles":["configStore.setConfig"],"fullName":"configStore.setConfig optimistically updates nested config when loaded","status":"passed","title":"optimistically updates nested config when loaded","duration":0.42639999999983047,"failureMessages":[],"meta":{},"tags":[]},{"ancestorTitles":["configStore.setConfig"],"fullName":"configStore.setConfig returns error info on failure without throwing","status":"passed","title":"returns error info on failure without throwing","duration":0.27500000000009095,"failureMessages":[],"meta":{},"tags":[]},{"ancestorTitles":["configStore.applyConfigChanged"],"fullName":"configStore.applyConfigChanged updates nested key via dot path","status":"passed","title":"updates nested key via dot path","duration":0.4385000000002037,"failureMessages":[],"meta":{},"tags":[]}],"startTime":1786416075517,"endTime":1786416075525.4385,"status":"passed","message":"","name":"C:/Develop/project/00_AI/qraft/src/store/configStore.test.ts"},{"assertionResults":[{"ancestorTitles":["historyStore.loadHistory"],"fullName":"historyStore.loadHistory loads entries with default limit 100","status":"passed","title":"loads entries with default limit 100","duration":14.105399999999918,"failureMessages":[],"meta":{},"tags":[]},{"ancestorTitles":["historyStore.loadHistory"],"fullName":"historyStore.loadHistory respects custom limit argument","status":"passed","title":"respects custom limit argument","duration":15.38189999999986,"failureMessages":[],"meta":{},"tags":[]},{"ancestorTitles":["historyStore.loadHistory"],"fullName":"historyStore.loadHistory sets error when invoke fails","status":"passed","title":"sets error when invoke fails","duration":0.9872000000000298,"failureMessages":[],"meta":{},"tags":[]},{"ancestorTitles":["historyStore.clearHistory"],"fullName":"historyStore.clearHistory calls history_clear and empties entries on success","status":"passed","title":"calls history_clear and empties entries on success","duration":0.6315999999997075,"failureMessages":[],"meta":{},"tags":[]},{"ancestorTitles":["historyStore.clearHistory"],"fullName":"historyStore.clearHistory keeps entries on failure and sets error","status":"passed","title":"keeps entries on failure and sets error","duration":0.6397000000001754,"failureMessages":[],"meta":{},"tags":[]},{"ancestorTitles":["historyStore.applyHistoryAdded"],"fullName":"historyStore.applyHistoryAdded prepends new entry and trims to max 200","status":"passed","title":"prepends new entry and trims to max 200","duration":0.8000999999999294,"failureMessages":[],"meta":{},"tags":[]}],"startTime":1786416073138,"endTime":1786416073171.8,"status":"passed","message":"","name":"C:/Develop/project/00_AI/qraft/src/store/historyStore.test.ts"},{"assertionResults":[{"ancestorTitles":["toolStateStore.loadTools"],"fullName":"toolStateStore.loadTools stores availableTools on success","status":"passed","title":"stores availableTools on success","duration":18.4984000000004,"failureMessages":[],"meta":{},"tags":[]},{"ancestorTitles":["toolStateStore.loadTools"],"fullName":"toolStateStore.loadTools leaves availableTools empty on failure","status":"passed","title":"leaves availableTools empty on failure","duration":1.5475000000001273,"failureMessages":[],"meta":{},"tags":[]},{"ancestorTitles":["toolStateStore.selectTool"],"fullName":"toolStateStore.selectTool sets currentToolId","status":"passed","title":"sets currentToolId","duration":0.7197999999998501,"failureMessages":[],"meta":{},"tags":[]},{"ancestorTitles":["toolStateStore.selectTool"],"fullName":"toolStateStore.selectTool can clear by passing null","status":"passed","title":"can clear by passing null","duration":0.3672999999998865,"failureMessages":[],"meta":{},"tags":[]},{"ancestorTitles":["toolStateStore.executeTool"],"fullName":"toolStateStore.executeTool sets running true then false, stores output","status":"passed","title":"sets running true then false, stores output","duration":0.5184999999996762,"failureMessages":[],"meta":{},"tags":[]},{"ancestorTitles":["toolStateStore.executeTool"],"fullName":"toolStateStore.executeTool returns error info on failure","status":"passed","title":"returns error info on failure","duration":0.3548000000000684,"failureMessages":[],"meta":{},"tags":[]},{"ancestorTitles":["streaming task lifecycle"],"fullName":"streaming task lifecycle applyToolProgress updates task progress","status":"passed","title":"applyToolProgress updates task progress","duration":0.5579999999999927,"failureMessages":[],"meta":{},"tags":[]},{"ancestorTitles":["streaming task lifecycle"],"fullName":"streaming task lifecycle applyToolChunk appends text and keeps running","status":"passed","title":"applyToolChunk appends text and keeps running","duration":0.42849999999998545,"failureMessages":[],"meta":{},"tags":[]},{"ancestorTitles":["streaming task lifecycle"],"fullName":"streaming task lifecycle applyToolCompleted sets status completed with output","status":"passed","title":"applyToolCompleted sets status completed with output","duration":0.4794000000001688,"failureMessages":[],"meta":{},"tags":[]},{"ancestorTitles":["streaming task lifecycle"],"fullName":"streaming task lifecycle applyToolFailed sets status failed with error","status":"passed","title":"applyToolFailed sets status failed with error","duration":0.4873999999999796,"failureMessages":[],"meta":{},"tags":[]}],"startTime":1786416073138,"endTime":1786416073162.4873,"status":"passed","message":"","name":"C:/Develop/project/00_AI/qraft/src/store/toolStateStore.test.ts"},{"assertionResults":[{"ancestorTitles":["diffLines"],"fullName":"diffLines 完全相同文本 → 全部 equal","status":"passed","title":"完全相同文本 → 全部 equal","duration":19.278999999999996,"failureMessages":[],"meta":{},"tags":[]},{"ancestorTitles":["diffLines"],"fullName":"diffLines 纯新增","status":"passed","title":"纯新增","duration":0.6700999999998203,"failureMessages":[],"meta":{},"tags":[]},{"ancestorTitles":["diffLines"],"fullName":"diffLines 纯删除","status":"passed","title":"纯删除","duration":0.46010000000023865,"failureMessages":[],"meta":{},"tags":[]},{"ancestorTitles":["diffLines"],"fullName":"diffLines 中间修改一行 → remove + add 相邻","status":"passed","title":"中间修改一行 → remove + add 相邻","duration":0.39429999999993015,"failureMessages":[],"meta":{},"tags":[]},{"ancestorTitles":["diffLines"],"fullName":"diffLines 尾部追加","status":"passed","title":"尾部追加","duration":0.3356999999996333,"failureMessages":[],"meta":{},"tags":[]},{"ancestorTitles":["diffLines"],"fullName":"diffLines 乱序重排能识别移动为删除+新增","status":"passed","title":"乱序重排能识别移动为删除+新增","duration":1.5545999999999367,"failureMessages":[],"meta":{},"tags":[]},{"ancestorTitles":["alignDiff"],"fullName":"alignDiff equal 行两侧同显且行号递增","status":"passed","title":"equal 行两侧同显且行号递增","duration":0.8547000000003209,"failureMessages":[],"meta":{},"tags":[]},{"ancestorTitles":["alignDiff"],"fullName":"alignDiff remove+add 配对为修改行(paired)","status":"passed","title":"remove+add 配对为修改行(paired)","duration":0.4209000000000742,"failureMessages":[],"meta":{},"tags":[]},{"ancestorTitles":["alignDiff"],"fullName":"alignDiff 多余新增行右显左空","status":"passed","title":"多余新增行右显左空","duration":0.8034000000002379,"failureMessages":[],"meta":{},"tags":[]},{"ancestorTitles":["alignDiff"],"fullName":"alignDiff 多余删除行左显右空","status":"passed","title":"多余删除行左显右空","duration":0.6077000000000226,"failureMessages":[],"meta":{},"tags":[]},{"ancestorTitles":["alignDiff"],"fullName":"alignDiff 删除与新增数量不等时按小值配对","status":"passed","title":"删除与新增数量不等时按小值配对","duration":0.5059000000001106,"failureMessages":[],"meta":{},"tags":[]},{"ancestorTitles":["alignDiff"],"fullName":"alignDiff 空输入 → 0 行","status":"passed","title":"空输入 → 0 行","duration":0.2822000000001026,"failureMessages":[],"meta":{},"tags":[]},{"ancestorTitles":["inlineDiff"],"fullName":"inlineDiff 单行中间字符变化 → 仅变化段 changed","status":"passed","title":"单行中间字符变化 → 仅变化段 changed","duration":0.6828999999997905,"failureMessages":[],"meta":{},"tags":[]},{"ancestorTitles":["inlineDiff"],"fullName":"inlineDiff 相同行 → 单侧单段未变","status":"passed","title":"相同行 → 单侧单段未变","duration":0.32100000000036744,"failureMessages":[],"meta":{},"tags":[]},{"ancestorTitles":["inlineDiff"],"fullName":"inlineDiff 含 emoji(代理对)不拆散","status":"passed","title":"含 emoji(代理对)不拆散","duration":0.2782000000001972,"failureMessages":[],"meta":{},"tags":[]},{"ancestorTitles":["summarizeDiff"],"fullName":"summarizeDiff 修改与纯删除","status":"passed","title":"修改与纯删除","duration":0.36950000000024374,"failureMessages":[],"meta":{},"tags":[]},{"ancestorTitles":["summarizeDiff"],"fullName":"summarizeDiff 删除新增数量不等时按小值配对,剩余计入新增","status":"passed","title":"删除新增数量不等时按小值配对,剩余计入新增","duration":0.26510000000007494,"failureMessages":[],"meta":{},"tags":[]}],"startTime":1786416072984,"endTime":1786416073012.3694,"status":"passed","message":"","name":"C:/Develop/project/00_AI/qraft/src/lib/diff.test.ts"},{"assertionResults":[{"ancestorTitles":["unwrapResponse"],"fullName":"unwrapResponse returns ok with data when success is true","status":"passed","title":"returns ok with data when success is true","duration":2.4708999999998014,"failureMessages":[],"meta":{},"tags":[]},{"ancestorTitles":["unwrapResponse"],"fullName":"unwrapResponse returns error when success is false","status":"passed","title":"returns error when success is false","duration":0.6284999999998035,"failureMessages":[],"meta":{},"tags":[]},{"ancestorTitles":["unwrapResponse"],"fullName":"unwrapResponse returns ERR_INTERNAL when success true but data missing","status":"passed","title":"returns ERR_INTERNAL when success true but data missing","duration":0.36560000000008586,"failureMessages":[],"meta":{},"tags":[]},{"ancestorTitles":["safeInvoke"],"fullName":"safeInvoke returns value when invoke resolves with success response","status":"passed","title":"returns value when invoke resolves with success response","duration":2.2449000000001433,"failureMessages":[],"meta":{},"tags":[]},{"ancestorTitles":["safeInvoke"],"fullName":"safeInvoke returns error when response.success is false","status":"passed","title":"returns error when response.success is false","duration":0.45120000000042637,"failureMessages":[],"meta":{},"tags":[]},{"ancestorTitles":["safeInvoke"],"fullName":"safeInvoke returns ERR_INTERNAL when invoke throws","status":"passed","title":"returns ERR_INTERNAL when invoke throws","duration":0.5698999999999614,"failureMessages":[],"meta":{},"tags":[]},{"ancestorTitles":["AppError"],"fullName":"AppError is instance of Error with code","status":"passed","title":"is instance of Error with code","duration":0.5226999999999862,"failureMessages":[],"meta":{},"tags":[]},{"ancestorTitles":["listen"],"fullName":"listen delegates to @tauri-apps/api/event listen","status":"passed","title":"delegates to @tauri-apps/api/event listen","duration":1.6320000000000618,"failureMessages":[],"meta":{},"tags":[]}],"startTime":1786416075240,"endTime":1786416075248.632,"status":"passed","message":"","name":"C:/Develop/project/00_AI/qraft/src/lib/ipc.test.ts"},{"assertionResults":[{"ancestorTitles":["cn utility"],"fullName":"cn utility merges plain class strings","status":"passed","title":"merges plain class strings","duration":29.41300000000001,"failureMessages":[],"meta":{},"tags":[]},{"ancestorTitles":["cn utility"],"fullName":"cn utility dedupes conflicting tailwind classes via tailwind-merge","status":"passed","title":"dedupes conflicting tailwind classes via tailwind-merge","duration":0.5189999999997781,"failureMessages":[],"meta":{},"tags":[]},{"ancestorTitles":["cn utility"],"fullName":"cn utility handles conditional and falsy inputs via clsx","status":"passed","title":"handles conditional and falsy inputs via clsx","duration":0.7101000000002387,"failureMessages":[],"meta":{},"tags":[]}],"startTime":1786416073136,"endTime":1786416073166.7102,"status":"passed","message":"","name":"C:/Develop/project/00_AI/qraft/src/lib/utils.test.ts"},{"assertionResults":[{"ancestorTitles":["tool types"],"fullName":"tool types ToolInput allows text-only payload","status":"passed","title":"ToolInput allows text-only payload","duration":2.1170999999999367,"failureMessages":[],"meta":{},"tags":[]},{"ancestorTitles":["tool types"],"fullName":"tool types ToolOutput alerts are optional","status":"passed","title":"ToolOutput alerts are optional","duration":0.4373000000000502,"failureMessages":[],"meta":{},"tags":[]},{"ancestorTitles":["tool types"],"fullName":"tool types ToolCategory includes formatter/encoder","status":"passed","title":"ToolCategory includes formatter/encoder","duration":1.328899999999976,"failureMessages":[],"meta":{},"tags":[]},{"ancestorTitles":["config types"],"fullName":"config types ThemeMode has dark/light/system","status":"passed","title":"ThemeMode has dark/light/system","duration":0.49339999999983775,"failureMessages":[],"meta":{},"tags":[]},{"ancestorTitles":["config types"],"fullName":"config types ShortcutBinding has all 10 keys","status":"passed","title":"ShortcutBinding has all 10 keys","duration":0.9841999999998734,"failureMessages":[],"meta":{},"tags":[]},{"ancestorTitles":["ipc types"],"fullName":"ipc types CommandResponse success carries data","status":"passed","title":"CommandResponse success carries data","duration":0.35649999999986903,"failureMessages":[],"meta":{},"tags":[]},{"ancestorTitles":["ipc types"],"fullName":"ipc types CommandResponse failure carries error","status":"passed","title":"CommandResponse failure carries error","duration":0.24199999999973443,"failureMessages":[],"meta":{},"tags":[]}],"startTime":1786416075900,"endTime":1786416075907.242,"status":"passed","message":"","name":"C:/Develop/project/00_AI/qraft/src/types/types.test.ts"},{"assertionResults":[{"ancestorTitles":["Base64Codec"],"fullName":"Base64Codec renders input, output, action select and url_safe switch","status":"passed","title":"renders input, output, action select and url_safe switch","duration":529.2957999999999,"failureMessages":[],"meta":{},"tags":[]},{"ancestorTitles":["Base64Codec"],"fullName":"Base64Codec calls tool_execute with action=encode by default","status":"passed","title":"calls tool_execute with action=encode by default","duration":216.0074999999997,"failureMessages":[],"meta":{},"tags":[]},{"ancestorTitles":["Base64Codec"],"fullName":"Base64Codec shows error alert when invoke fails with ParseFailed","status":"passed","title":"shows error alert when invoke fails with ParseFailed","duration":206.6161000000002,"failureMessages":[],"meta":{},"tags":[]}],"startTime":1786416068946,"endTime":1786416069898.6162,"status":"passed","message":"","name":"C:/Develop/project/00_AI/qraft/src/tools/Base64Codec.test.tsx"},{"assertionResults":[{"ancestorTitles":["ColorConverter"],"fullName":"ColorConverter renders input, format select and convert button","status":"passed","title":"renders input, format select and convert button","duration":462.7465000000002,"failureMessages":[],"meta":{},"tags":[]},{"ancestorTitles":["ColorConverter"],"fullName":"ColorConverter calls tool_execute with text and from_format=hex by default","status":"passed","title":"calls tool_execute with text and from_format=hex by default","duration":194.03700000000026,"failureMessages":[],"meta":{},"tags":[]},{"ancestorTitles":["ColorConverter"],"fullName":"ColorConverter shows error alert when input is invalid hex","status":"passed","title":"shows error alert when input is invalid hex","duration":143.40509999999995,"failureMessages":[],"meta":{},"tags":[]}],"startTime":1786416068748,"endTime":1786416069548.405,"status":"passed","message":"","name":"C:/Develop/project/00_AI/qraft/src/tools/ColorConverter.test.tsx"},{"assertionResults":[{"ancestorTitles":["HashCalculator"],"fullName":"HashCalculator renders algorithm select, text input and compute button","status":"passed","title":"renders algorithm select, text input and compute button","duration":441.15139999999974,"failureMessages":[],"meta":{},"tags":[]},{"ancestorTitles":["HashCalculator"],"fullName":"HashCalculator calls tool_execute with text + algorithm=sha256 by default","status":"passed","title":"calls tool_execute with text + algorithm=sha256 by default","duration":224.13590000000022,"failureMessages":[],"meta":{},"tags":[]},{"ancestorTitles":["HashCalculator"],"fullName":"HashCalculator shows error alert when invalid algorithm is used","status":"passed","title":"shows error alert when invalid algorithm is used","duration":220.08910000000014,"failureMessages":[],"meta":{},"tags":[]}],"startTime":1786416068719,"endTime":1786416069604.089,"status":"passed","message":"","name":"C:/Develop/project/00_AI/qraft/src/tools/HashCalculator.test.tsx"},{"assertionResults":[{"ancestorTitles":["JsonFormatter"],"fullName":"JsonFormatter renders input editor, indent select and format button","status":"passed","title":"renders input editor, indent select and format button","duration":555.3436999999994,"failureMessages":[],"meta":{},"tags":[]},{"ancestorTitles":["JsonFormatter"],"fullName":"JsonFormatter calls tool_execute with indent=2 by default on format click","status":"passed","title":"calls tool_execute with indent=2 by default on format click","duration":213.40639999999985,"failureMessages":[],"meta":{},"tags":[]},{"ancestorTitles":["JsonFormatter"],"fullName":"JsonFormatter displays error message when invoke fails with ParseFailed","status":"passed","title":"displays error message when invoke fails with ParseFailed","duration":205.74389999999948,"failureMessages":[],"meta":{},"tags":[]}],"startTime":1786416068947,"endTime":1786416069920.744,"status":"passed","message":"","name":"C:/Develop/project/00_AI/qraft/src/tools/JsonFormatter.test.tsx"},{"assertionResults":[{"ancestorTitles":["JsonMinifier"],"fullName":"JsonMinifier renders input editor and minify button","status":"passed","title":"renders input editor and minify button","duration":251.28549999999996,"failureMessages":[],"meta":{},"tags":[]},{"ancestorTitles":["JsonMinifier"],"fullName":"JsonMinifier calls tool_execute with text on minify click","status":"passed","title":"calls tool_execute with text on minify click","duration":124.60590000000002,"failureMessages":[],"meta":{},"tags":[]},{"ancestorTitles":["JsonMinifier"],"fullName":"JsonMinifier shows error alert on ParseFailed","status":"passed","title":"shows error alert on ParseFailed","duration":138.74609999999984,"failureMessages":[],"meta":{},"tags":[]}],"startTime":1786416071872,"endTime":1786416072386.746,"status":"passed","message":"","name":"C:/Develop/project/00_AI/qraft/src/tools/JsonMinifier.test.tsx"},{"assertionResults":[{"ancestorTitles":["JwtParser"],"fullName":"JwtParser renders JWT input editor and parse button","status":"passed","title":"renders JWT input editor and parse button","duration":294.93579999999974,"failureMessages":[],"meta":{},"tags":[]},{"ancestorTitles":["JwtParser"],"fullName":"JwtParser displays header, payload, signature on successful parse","status":"passed","title":"displays header, payload, signature on successful parse","duration":178.63889999999992,"failureMessages":[],"meta":{},"tags":[]},{"ancestorTitles":["JwtParser"],"fullName":"JwtParser shows error alert when JWT has only 2 segments","status":"passed","title":"shows error alert when JWT has only 2 segments","duration":79.16590000000087,"failureMessages":[],"meta":{},"tags":[]}],"startTime":1786416073411,"endTime":1786416073964.166,"status":"passed","message":"","name":"C:/Develop/project/00_AI/qraft/src/tools/JwtParser.test.tsx"},{"assertionResults":[{"ancestorTitles":["RegexTester"],"fullName":"RegexTester renders pattern input, flags input, test editor and test button","status":"passed","title":"renders pattern input, flags input, test editor and test button","duration":309.6827999999996,"failureMessages":[],"meta":{},"tags":[]},{"ancestorTitles":["RegexTester"],"fullName":"RegexTester calls tool_execute with pattern, flags and text","status":"passed","title":"calls tool_execute with pattern, flags and text","duration":168.5662000000002,"failureMessages":[],"meta":{},"tags":[]},{"ancestorTitles":["RegexTester"],"fullName":"RegexTester shows error alert when pattern is invalid","status":"passed","title":"shows error alert when pattern is invalid","duration":126.10170000000016,"failureMessages":[],"meta":{},"tags":[]}],"startTime":1786416068226,"endTime":1786416068831.1018,"status":"passed","message":"","name":"C:/Develop/project/00_AI/qraft/src/tools/RegexTester.test.tsx"},{"assertionResults":[{"ancestorTitles":["P0 工具 UI 注册集成测试"],"fullName":"P0 工具 UI 注册集成测试 registers all 10 P0 tool components","status":"passed","title":"registers all 10 P0 tool components","duration":2.1494999999995343,"failureMessages":[],"meta":{},"tags":[]},{"ancestorTitles":["P0 工具 UI 注册集成测试"],"fullName":"P0 工具 UI 注册集成测试 registers 10 distinct components","status":"passed","title":"registers 10 distinct components","duration":0.3967000000002372,"failureMessages":[],"meta":{},"tags":[]}],"startTime":1786416076244,"endTime":1786416076246.3967,"status":"passed","message":"","name":"C:/Develop/project/00_AI/qraft/src/tools/registry.integration.test.ts"},{"assertionResults":[{"ancestorTitles":["ToolRegistry (UI)"],"fullName":"ToolRegistry (UI) returns null for unknown tool id","status":"passed","title":"returns null for unknown tool id","duration":2.7990999999997257,"failureMessages":[],"meta":{},"tags":[]},{"ancestorTitles":["ToolRegistry (UI)"],"fullName":"ToolRegistry (UI) returns registered component by tool id","status":"passed","title":"returns registered component by tool id","duration":1.2757000000001426,"failureMessages":[],"meta":{},"tags":[]},{"ancestorTitles":["ToolRegistry (UI)"],"fullName":"ToolRegistry (UI) registerTool overwrites previous registration silently","status":"passed","title":"registerTool overwrites previous registration silently","duration":0.9450999999999112,"failureMessages":[],"meta":{},"tags":[]}],"startTime":1786416077162,"endTime":1786416077166.945,"status":"passed","message":"","name":"C:/Develop/project/00_AI/qraft/src/tools/registry.test.tsx"},{"assertionResults":[{"ancestorTitles":["TimestampConverter"],"fullName":"TimestampConverter renders input, timezone select and convert button","status":"passed","title":"renders input, timezone select and convert button","duration":440.4357,"failureMessages":[],"meta":{},"tags":[]},{"ancestorTitles":["TimestampConverter"],"fullName":"TimestampConverter calls tool_execute with text and default UTC timezone","status":"passed","title":"calls tool_execute with text and default UTC timezone","duration":301.95470000000023,"failureMessages":[],"meta":{},"tags":[]},{"ancestorTitles":["TimestampConverter"],"fullName":"TimestampConverter shows error alert when input is unparseable","status":"passed","title":"shows error alert when input is unparseable","duration":162.77880000000005,"failureMessages":[],"meta":{},"tags":[]}],"startTime":1786416068654,"endTime":1786416069559.7788,"status":"passed","message":"","name":"C:/Develop/project/00_AI/qraft/src/tools/TimestampConverter.test.tsx"},{"assertionResults":[{"ancestorTitles":["UrlCodec"],"fullName":"UrlCodec renders input, output, action select and component switch","status":"passed","title":"renders input, output, action select and component switch","duration":376.4305999999997,"failureMessages":[],"meta":{},"tags":[]},{"ancestorTitles":["UrlCodec"],"fullName":"UrlCodec calls tool_execute with action=encode, component=false by default","status":"passed","title":"calls tool_execute with action=encode, component=false by default","duration":245.15449999999964,"failureMessages":[],"meta":{},"tags":[]},{"ancestorTitles":["UrlCodec"],"fullName":"UrlCodec shows error alert when invoke fails with ParseFailed","status":"passed","title":"shows error alert when invoke fails with ParseFailed","duration":244.97249999999985,"failureMessages":[],"meta":{},"tags":[]}],"startTime":1786416068687,"endTime":1786416069553.9724,"status":"passed","message":"","name":"C:/Develop/project/00_AI/qraft/src/tools/UrlCodec.test.tsx"},{"assertionResults":[{"ancestorTitles":["UuidGenerator"],"fullName":"UuidGenerator renders version select, count input, switches and generate button","status":"passed","title":"renders version select, count input, switches and generate button","duration":586.3262000000004,"failureMessages":[],"meta":{},"tags":[]},{"ancestorTitles":["UuidGenerator"],"fullName":"UuidGenerator calls tool_execute with default v4 + count=1","status":"passed","title":"calls tool_execute with default v4 + count=1","duration":116.59659999999985,"failureMessages":[],"meta":{},"tags":[]},{"ancestorTitles":["UuidGenerator"],"fullName":"UuidGenerator displays generated UUIDs in output area","status":"passed","title":"displays generated UUIDs in output area","duration":199.6306999999997,"failureMessages":[],"meta":{},"tags":[]}],"startTime":1786416068767,"endTime":1786416069669.6306,"status":"passed","message":"","name":"C:/Develop/project/00_AI/qraft/src/tools/UuidGenerator.test.tsx"}]}